P: Extracting gcc-10-base
P: Extracting libgcc-s1
P: Extracting libcrypt1
P: Extracting libc6
P: Extracting libacl1
P: Extracting libpcre2-8-0
P: Extracting libselinux1
P: Extracting tar
P: Extracting libbz2-1.0
P: Extracting liblzma5
P: Extracting zlib1g
P: Extracting dpkg
P: Extracting perl-base
P: Extracting init-system-helpers
P: Extracting debianutils
P: Extracting debconf
P: Extracting dash
P: Extracting diffutils
P: Extracting libattr1
P: Extracting libgmp10
P: Extracting coreutils
P: Extracting mawk
P: Extracting base-files
P: Extracting libtinfo6
P: Extracting bash
P: Extracting libdebconfclient0
P: Extracting base-passwd
P: Extracting lsb-base
P: Extracting sysvinit-utils
P: Extracting gzip
P: Extracting sed
P: Extracting libgpg-error0
P: Extracting libgcrypt20
P: Extracting liblz4-1
P: Extracting libzstd1
P: Extracting libsystemd0
P: Extracting bsdutils
P: Extracting libaudit-common
P: Extracting libcap-ng0
P: Extracting libaudit1
P: Extracting libpam0g
P: Extracting libdb5.3
P: Extracting libcom-err2
P: Extracting libkrb5support0
P: Extracting libk5crypto3
P: Extracting libkeyutils1
P: Extracting libssl1.1
P: Extracting libkrb5-3
P: Extracting libgssapi-krb5-2
P: Extracting libtirpc-common
P: Extracting libtirpc3
P: Extracting libnsl2
P: Extracting libpam-modules-bin
P: Extracting libpam-modules
P: Extracting libpam-runtime
P: Extracting login
P: Extracting libblkid1
P: Extracting libmount1
P: Extracting libsmartcols1
P: Extracting libudev1
P: Extracting libuuid1
P: Extracting util-linux
P: Extracting findutils
P: Extracting libpcre3
P: Extracting grep
P: Extracting libc-bin
P: Extracting hostname
P: Extracting ncurses-bin
P: Extracting ncurses-base
Selecting previously unselected package dpkg.
dpkg: regarding .../dpkg_1.20.12_amd64.deb containing dpkg, pre-dependency problem:
 dpkg pre-depends on libbz2-1.0
  libbz2-1.0 is not installed.

dpkg: warning: ignoring pre-dependency problem!
dpkg: regarding .../dpkg_1.20.12_amd64.deb containing dpkg, pre-dependency problem:
 dpkg pre-depends on libc6 (>= 2.15)
  libc6 is not installed.

dpkg: warning: ignoring pre-dependency problem!
dpkg: regarding .../dpkg_1.20.12_amd64.deb containing dpkg, pre-dependency problem:
 dpkg pre-depends on liblzma5 (>= 5.2.2)
  liblzma5 is not installed.

dpkg: warning: ignoring pre-dependency problem!
dpkg: regarding .../dpkg_1.20.12_amd64.deb containing dpkg, pre-dependency problem:
 dpkg pre-depends on libselinux1 (>= 3.1~)
  libselinux1 is not installed.

dpkg: warning: ignoring pre-dependency problem!
dpkg: regarding .../dpkg_1.20.12_amd64.deb containing dpkg, pre-dependency problem:
 dpkg pre-depends on zlib1g (>= 1:1.1.4)
  zlib1g is not installed.

dpkg: warning: ignoring pre-dependency problem!
(Reading database ... 0 files and directories currently installed.)
Preparing to unpack .../dpkg_1.20.12_amd64.deb ...
Unpacking dpkg (1.20.12) ...
P: Unpacking package dpkg
Setting up dpkg (1.20.12) ...
dpkg: dpkg: dependency problems, but configuring anyway as you requested:
 dpkg depends on libbz2-1.0; however:
  Package libbz2-1.0 is not installed.
 dpkg depends on libc6 (>= 2.15); however:
  Package libc6 is not installed.
 dpkg depends on liblzma5 (>= 5.2.2); however:
  Package liblzma5 is not installed.
 dpkg depends on libselinux1 (>= 3.1~); however:
  Package libselinux1 is not installed.
 dpkg depends on zlib1g (>= 1:1.1.4); however:
  Package zlib1g is not installed.
 dpkg depends on tar (>= 1.28-1); however:
  Package tar is not installed.

P: Configuring package dpkg
Selecting previously unselected package base-passwd.
(Reading database ... 315 files and directories currently installed.)
Preparing to unpack .../base-passwd_3.5.51_amd64.deb ...
Unpacking base-passwd (3.5.51) ...
P: Unpacking package base-passwd
dpkg: base-passwd: dependency problems, but configuring anyway as you requested:
 base-passwd depends on libc6 (>= 2.8); however:
  Package libc6 is not installed.
 base-passwd depends on libdebconfclient0 (>= 0.145); however:
  Package libdebconfclient0 is not installed.

Setting up base-passwd (3.5.51) ...
P: Configuring package base-passwd
P: Configuring helper cdebootstrap-helper-rc.d
Selecting previously unselected package cdebootstrap-helper-rc.d.
(Reading database ... 340 files and directories currently installed.)
Preparing to unpack .../cdebootstrap-helper-rc.d.deb ...
Unpacking cdebootstrap-helper-rc.d (1) ...
Setting up cdebootstrap-helper-rc.d (1) ...
P: Configuring helper cdebootstrap-helper-makedev
Selecting previously unselected package cdebootstrap-helper-makedev.
(Reading database ... 341 files and directories currently installed.)
Preparing to unpack .../cdebootstrap-helper-makedev.deb ...
Unpacking cdebootstrap-helper-makedev (1) ...
Setting up cdebootstrap-helper-makedev (1) ...
Selecting previously unselected package gcc-10-base:amd64.
(Reading database ... 341 files and directories currently installed.)
Preparing to unpack .../gcc-10-base_10.2.1-6_amd64.deb ...
Unpacking gcc-10-base:amd64 (10.2.1-6) ...
Selecting previously unselected package libgcc-s1:amd64.
Preparing to unpack .../libgcc-s1_10.2.1-6_amd64.deb ...
Unpacking libgcc-s1:amd64 (10.2.1-6) ...
Selecting previously unselected package libcrypt1:amd64.
Preparing to unpack .../libcrypt1_4.4.18-4_amd64.deb ...
Unpacking libcrypt1:amd64 (1:4.4.18-4) ...
Selecting previously unselected package libc6:amd64.
Preparing to unpack .../libc6_2.31-13+deb11u5_amd64.deb ...
Unpacking libc6:amd64 (2.31-13+deb11u5) ...
Selecting previously unselected package libacl1:amd64.
Preparing to unpack .../libacl1_2.2.53-10_amd64.deb ...
Unpacking libacl1:amd64 (2.2.53-10) ...
Selecting previously unselected package libpcre2-8-0:amd64.
Preparing to unpack .../libpcre2-8-0_10.36-2+deb11u1_amd64.deb ...
Unpacking libpcre2-8-0:amd64 (10.36-2+deb11u1) ...
Selecting previously unselected package libselinux1:amd64.
Preparing to unpack .../libselinux1_3.1-3_amd64.deb ...
Unpacking libselinux1:amd64 (3.1-3) ...
Selecting previously unselected package tar.
dpkg: regarding .../tar_1.34+dfsg-1_amd64.deb containing tar, pre-dependency problem:
 tar pre-depends on libacl1 (>= 2.2.23)
  libacl1:amd64 is unpacked, but has never been configured.

dpkg: warning: ignoring pre-dependency problem!
dpkg: regarding .../tar_1.34+dfsg-1_amd64.deb containing tar, pre-dependency problem:
 tar pre-depends on libc6 (>= 2.28)
  libc6:amd64 is unpacked, but has never been configured.

dpkg: warning: ignoring pre-dependency problem!
dpkg: regarding .../tar_1.34+dfsg-1_amd64.deb containing tar, pre-dependency problem:
 tar pre-depends on libselinux1 (>= 3.1~)
  libselinux1:amd64 is unpacked, but has never been configured.

dpkg: warning: ignoring pre-dependency problem!
Preparing to unpack .../tar_1.34+dfsg-1_amd64.deb ...
Unpacking tar (1.34+dfsg-1) ...
P: Unpacking package tar
Selecting previously unselected package libbz2-1.0:amd64.
Preparing to unpack .../libbz2-1.0_1.0.8-4_amd64.deb ...
Unpacking libbz2-1.0:amd64 (1.0.8-4) ...
Selecting previously unselected package liblzma5:amd64.
Preparing to unpack .../liblzma5_5.2.5-2.1~deb11u1_amd64.deb ...
Unpacking liblzma5:amd64 (5.2.5-2.1~deb11u1) ...
Selecting previously unselected package zlib1g:amd64.
Preparing to unpack .../zlib1g_1.2.11.dfsg-2+deb11u2_amd64.deb ...
Unpacking zlib1g:amd64 (1:1.2.11.dfsg-2+deb11u2) ...
dpkg: regarding .../dpkg_1.20.12_amd64.deb containing dpkg, pre-dependency problem:
 dpkg pre-depends on libbz2-1.0
  libbz2-1.0:amd64 is unpacked, but has never been configured.

dpkg: warning: ignoring pre-dependency problem!
dpkg: regarding .../dpkg_1.20.12_amd64.deb containing dpkg, pre-dependency problem:
 dpkg pre-depends on libc6 (>= 2.15)
  libc6:amd64 is unpacked, but has never been configured.

dpkg: warning: ignoring pre-dependency problem!
dpkg: regarding .../dpkg_1.20.12_amd64.deb containing dpkg, pre-dependency problem:
 dpkg pre-depends on liblzma5 (>= 5.2.2)
  liblzma5:amd64 is unpacked, but has never been configured.

dpkg: warning: ignoring pre-dependency problem!
dpkg: regarding .../dpkg_1.20.12_amd64.deb containing dpkg, pre-dependency problem:
 dpkg pre-depends on libselinux1 (>= 3.1~)
  libselinux1:amd64 is unpacked, but has never been configured.

dpkg: warning: ignoring pre-dependency problem!
dpkg: regarding .../dpkg_1.20.12_amd64.deb containing dpkg, pre-dependency problem:
 dpkg pre-depends on zlib1g (>= 1:1.1.4)
  zlib1g:amd64 is unpacked, but has never been configured.

dpkg: warning: ignoring pre-dependency problem!
Preparing to unpack .../dpkg_1.20.12_amd64.deb ...
Unpacking dpkg (1.20.12) over (1.20.12) ...
Selecting previously unselected package perl-base.
dpkg: regarding .../perl-base_5.32.1-4+deb11u2_amd64.deb containing perl-base, pre-dependency problem:
 perl-base pre-depends on libc6 (>= 2.29)
  libc6:amd64 is unpacked, but has never been configured.

dpkg: warning: ignoring pre-dependency problem!
dpkg: regarding .../perl-base_5.32.1-4+deb11u2_amd64.deb containing perl-base, pre-dependency problem:
 perl-base pre-depends on libcrypt1 (>= 1:4.1.0)
  libcrypt1:amd64 is unpacked, but has never been configured.

dpkg: warning: ignoring pre-dependency problem!
Preparing to unpack .../perl-base_5.32.1-4+deb11u2_amd64.deb ...
Unpacking perl-base (5.32.1-4+deb11u2) ...
P: Unpacking package perl-base
Selecting previously unselected package init-system-helpers.
Preparing to unpack .../init-system-helpers_1.60_all.deb ...
Unpacking init-system-helpers (1.60) ...
P: Unpacking package init-system-helpers
Selecting previously unselected package debianutils.
dpkg: regarding .../debianutils_4.11.2_amd64.deb containing debianutils, pre-dependency problem:
 debianutils pre-depends on libc6 (>= 2.15)
  libc6:amd64 is unpacked, but has never been configured.

dpkg: warning: ignoring pre-dependency problem!
Preparing to unpack .../debianutils_4.11.2_amd64.deb ...
Unpacking debianutils (4.11.2) ...
P: Unpacking package debianutils
Selecting previously unselected package debconf.
dpkg: regarding .../debconf_1.5.77_all.deb containing debconf, pre-dependency problem:
 debconf pre-depends on perl-base (>= 5.20.1-3~)
  perl-base is unpacked, but has never been configured.

dpkg: warning: ignoring pre-dependency problem!
Preparing to unpack .../debconf_1.5.77_all.deb ...
Unpacking debconf (1.5.77) ...
P: Unpacking package debconf
Selecting previously unselected package dash.
dpkg: regarding .../dash_0.5.11+git20200708+dd9ef66-5_amd64.deb containing dash, pre-dependency problem:
 dash pre-depends on libc6 (>= 2.14)
  libc6:amd64 is unpacked, but has never been configured.

dpkg: warning: ignoring pre-dependency problem!
Preparing to unpack .../dash_0.5.11+git20200708+dd9ef66-5_amd64.deb ...
Unpacking dash (0.5.11+git20200708+dd9ef66-5) ...
P: Unpacking package dash
Selecting previously unselected package diffutils.
dpkg: regarding .../diffutils_3.7-5_amd64.deb containing diffutils, pre-dependency problem:
 diffutils pre-depends on libc6 (>= 2.17)
  libc6:amd64 is unpacked, but has never been configured.

dpkg: warning: ignoring pre-dependency problem!
Preparing to unpack .../diffutils_3.7-5_amd64.deb ...
Unpacking diffutils (1:3.7-5) ...
P: Unpacking package diffutils
Selecting previously unselected package libattr1:amd64.
Preparing to unpack .../libattr1_2.4.48-6_amd64.deb ...
Unpacking libattr1:amd64 (1:2.4.48-6) ...
Selecting previously unselected package libgmp10:amd64.
Preparing to unpack .../libgmp10_6.2.1+dfsg-1+deb11u1_amd64.deb ...
Unpacking libgmp10:amd64 (2:6.2.1+dfsg-1+deb11u1) ...
Selecting previously unselected package coreutils.
dpkg: regarding .../coreutils_8.32-4+b1_amd64.deb containing coreutils, pre-dependency problem:
 coreutils pre-depends on libacl1 (>= 2.2.23)
  libacl1:amd64 is unpacked, but has never been configured.

dpkg: warning: ignoring pre-dependency problem!
dpkg: regarding .../coreutils_8.32-4+b1_amd64.deb containing coreutils, pre-dependency problem:
 coreutils pre-depends on libattr1 (>= 1:2.4.44)
  libattr1:amd64 is unpacked, but has never been configured.

dpkg: warning: ignoring pre-dependency problem!
dpkg: regarding .../coreutils_8.32-4+b1_amd64.deb containing coreutils, pre-dependency problem:
 coreutils pre-depends on libc6 (>= 2.28)
  libc6:amd64 is unpacked, but has never been configured.

dpkg: warning: ignoring pre-dependency problem!
dpkg: regarding .../coreutils_8.32-4+b1_amd64.deb containing coreutils, pre-dependency problem:
 coreutils pre-depends on libgmp10
  libgmp10:amd64 is unpacked, but has never been configured.

dpkg: warning: ignoring pre-dependency problem!
dpkg: regarding .../coreutils_8.32-4+b1_amd64.deb containing coreutils, pre-dependency problem:
 coreutils pre-depends on libselinux1 (>= 3.1~)
  libselinux1:amd64 is unpacked, but has never been configured.

dpkg: warning: ignoring pre-dependency problem!
Preparing to unpack .../coreutils_8.32-4+b1_amd64.deb ...
Unpacking coreutils (8.32-4+b1) ...
P: Unpacking package coreutils
Selecting previously unselected package mawk.
Preparing to unpack .../mawk_1.3.4.20200120-2_amd64.deb ...
Unpacking mawk (1.3.4.20200120-2) ...
P: Unpacking package mawk
Selecting previously unselected package base-files.
dpkg: regarding .../base-files_11.1+deb11u6_amd64.deb containing base-files, pre-dependency problem:
 base-files pre-depends on awk
  mawk provides awk but is unpacked but not configured.

dpkg: warning: ignoring pre-dependency problem!
Preparing to unpack .../base-files_11.1+deb11u6_amd64.deb ...
Unpacking base-files (11.1+deb11u6) ...
P: Unpacking package base-files
Selecting previously unselected package libtinfo6:amd64.
Preparing to unpack .../libtinfo6_6.2+20201114-2_amd64.deb ...
Unpacking libtinfo6:amd64 (6.2+20201114-2) ...
Selecting previously unselected package bash.
dpkg: regarding .../bash_5.1-2+deb11u1_amd64.deb containing bash, pre-dependency problem:
 bash pre-depends on libc6 (>= 2.25)
  libc6:amd64 is unpacked, but has never been configured.

dpkg: warning: ignoring pre-dependency problem!
dpkg: regarding .../bash_5.1-2+deb11u1_amd64.deb containing bash, pre-dependency problem:
 bash pre-depends on libtinfo6 (>= 6)
  libtinfo6:amd64 is unpacked, but has never been configured.

dpkg: warning: ignoring pre-dependency problem!
Preparing to unpack .../bash_5.1-2+deb11u1_amd64.deb ...
Unpacking bash (5.1-2+deb11u1) ...
P: Unpacking package bash
Selecting previously unselected package libdebconfclient0:amd64.
Preparing to unpack .../libdebconfclient0_0.260_amd64.deb ...
Unpacking libdebconfclient0:amd64 (0.260) ...
Preparing to unpack .../base-passwd_3.5.51_amd64.deb ...
Unpacking base-passwd (3.5.51) over (3.5.51) ...
Selecting previously unselected package lsb-base.
Preparing to unpack .../lsb-base_11.1.0_all.deb ...
Unpacking lsb-base (11.1.0) ...
P: Unpacking package lsb-base
Selecting previously unselected package sysvinit-utils.
Preparing to unpack .../sysvinit-utils_2.96-7+deb11u1_amd64.deb ...
Unpacking sysvinit-utils (2.96-7+deb11u1) ...
P: Unpacking package sysvinit-utils
Selecting previously unselected package gzip.
dpkg: regarding .../gzip_1.10-4+deb11u1_amd64.deb containing gzip, pre-dependency problem:
 gzip pre-depends on libc6 (>= 2.17)
  libc6:amd64 is unpacked, but has never been configured.

dpkg: warning: ignoring pre-dependency problem!
Preparing to unpack .../gzip_1.10-4+deb11u1_amd64.deb ...
Unpacking gzip (1.10-4+deb11u1) ...
P: Unpacking package gzip
Selecting previously unselected package sed.
dpkg: regarding .../bootstrap/sed_4.7-1_amd64.deb containing sed, pre-dependency problem:
 sed pre-depends on libacl1 (>= 2.2.51-8)
  libacl1:amd64 is unpacked, but has never been configured.

dpkg: warning: ignoring pre-dependency problem!
dpkg: regarding .../bootstrap/sed_4.7-1_amd64.deb containing sed, pre-dependency problem:
 sed pre-depends on libc6 (>= 2.14)
  libc6:amd64 is unpacked, but has never been configured.

dpkg: warning: ignoring pre-dependency problem!
dpkg: regarding .../bootstrap/sed_4.7-1_amd64.deb containing sed, pre-dependency problem:
 sed pre-depends on libselinux1 (>= 1.32)
  libselinux1:amd64 is unpacked, but has never been configured.

dpkg: warning: ignoring pre-dependency problem!
Preparing to unpack .../bootstrap/sed_4.7-1_amd64.deb ...
Unpacking sed (4.7-1) ...
P: Unpacking package sed
Selecting previously unselected package libgpg-error0:amd64.
Preparing to unpack .../libgpg-error0_1.38-2_amd64.deb ...
Unpacking libgpg-error0:amd64 (1.38-2) ...
Selecting previously unselected package libgcrypt20:amd64.
Preparing to unpack .../libgcrypt20_1.8.7-6_amd64.deb ...
Unpacking libgcrypt20:amd64 (1.8.7-6) ...
Selecting previously unselected package liblz4-1:amd64.
Preparing to unpack .../liblz4-1_1.9.3-2_amd64.deb ...
Unpacking liblz4-1:amd64 (1.9.3-2) ...
Selecting previously unselected package libzstd1:amd64.
Preparing to unpack .../libzstd1_1.4.8+dfsg-2.1_amd64.deb ...
Unpacking libzstd1:amd64 (1.4.8+dfsg-2.1) ...
Selecting previously unselected package libsystemd0:amd64.
dpkg: regarding .../libsystemd0_247.3-7+deb11u1_amd64.deb containing libsystemd0:amd64, pre-dependency problem:
 libsystemd0 pre-depends on libc6 (>= 2.30)
  libc6:amd64 is unpacked, but has never been configured.

dpkg: warning: ignoring pre-dependency problem!
dpkg: regarding .../libsystemd0_247.3-7+deb11u1_amd64.deb containing libsystemd0:amd64, pre-dependency problem:
 libsystemd0 pre-depends on libgcrypt20 (>= 1.8.0)
  libgcrypt20:amd64 is unpacked, but has never been configured.

dpkg: warning: ignoring pre-dependency problem!
dpkg: regarding .../libsystemd0_247.3-7+deb11u1_amd64.deb containing libsystemd0:amd64, pre-dependency problem:
 libsystemd0 pre-depends on liblz4-1 (>= 0.0~r122)
  liblz4-1:amd64 is unpacked, but has never been configured.

dpkg: warning: ignoring pre-dependency problem!
dpkg: regarding .../libsystemd0_247.3-7+deb11u1_amd64.deb containing libsystemd0:amd64, pre-dependency problem:
 libsystemd0 pre-depends on liblzma5 (>= 5.1.1alpha+20120614)
  liblzma5:amd64 is unpacked, but has never been configured.

dpkg: warning: ignoring pre-dependency problem!
dpkg: regarding .../libsystemd0_247.3-7+deb11u1_amd64.deb containing libsystemd0:amd64, pre-dependency problem:
 libsystemd0 pre-depends on libzstd1 (>= 1.4.0)
  libzstd1:amd64 is unpacked, but has never been configured.

dpkg: warning: ignoring pre-dependency problem!
Preparing to unpack .../libsystemd0_247.3-7+deb11u1_amd64.deb ...
Unpacking libsystemd0:amd64 (247.3-7+deb11u1) ...
Selecting previously unselected package bsdutils.
dpkg: regarding .../bsdutils_2.36.1-8+deb11u1_amd64.deb containing bsdutils, pre-dependency problem:
 bsdutils pre-depends on libc6 (>= 2.17)
  libc6:amd64 is unpacked, but has never been configured.

dpkg: warning: ignoring pre-dependency problem!
dpkg: regarding .../bsdutils_2.36.1-8+deb11u1_amd64.deb containing bsdutils, pre-dependency problem:
 bsdutils pre-depends on libsystemd0
  libsystemd0:amd64 is unpacked, but has never been configured.

dpkg: warning: ignoring pre-dependency problem!
Preparing to unpack .../bsdutils_2.36.1-8+deb11u1_amd64.deb ...
Unpacking bsdutils (1:2.36.1-8+deb11u1) ...
P: Unpacking package bsdutils
Selecting previously unselected package libaudit-common.
Preparing to unpack .../libaudit-common_3.0-2_all.deb ...
Unpacking libaudit-common (1:3.0-2) ...
P: Unpacking package libaudit-common
Selecting previously unselected package libcap-ng0:amd64.
Preparing to unpack .../libcap-ng0_0.7.9-2.2+b1_amd64.deb ...
Unpacking libcap-ng0:amd64 (0.7.9-2.2+b1) ...
Selecting previously unselected package libaudit1:amd64.
Preparing to unpack .../libaudit1_3.0-2_amd64.deb ...
Unpacking libaudit1:amd64 (1:3.0-2) ...
Selecting previously unselected package libpam0g:amd64.
Preparing to unpack .../libpam0g_1.4.0-9+deb11u1_amd64.deb ...
Unpacking libpam0g:amd64 (1.4.0-9+deb11u1) ...
Selecting previously unselected package libdb5.3:amd64.
Preparing to unpack .../libdb5.3_5.3.28+dfsg1-0.8_amd64.deb ...
Unpacking libdb5.3:amd64 (5.3.28+dfsg1-0.8) ...
Selecting previously unselected package libcom-err2:amd64.
Preparing to unpack .../libcom-err2_1.46.2-2_amd64.deb ...
Unpacking libcom-err2:amd64 (1.46.2-2) ...
Selecting previously unselected package libkrb5support0:amd64.
Preparing to unpack .../libkrb5support0_1.18.3-6+deb11u3_amd64.deb ...
Unpacking libkrb5support0:amd64 (1.18.3-6+deb11u3) ...
Selecting previously unselected package libk5crypto3:amd64.
Preparing to unpack .../libk5crypto3_1.18.3-6+deb11u3_amd64.deb ...
Unpacking libk5crypto3:amd64 (1.18.3-6+deb11u3) ...
Selecting previously unselected package libkeyutils1:amd64.
Preparing to unpack .../libkeyutils1_1.6.1-2_amd64.deb ...
Unpacking libkeyutils1:amd64 (1.6.1-2) ...
Selecting previously unselected package libssl1.1:amd64.
Preparing to unpack .../libssl1.1_1.1.1n-0+deb11u3_amd64.deb ...
Unpacking libssl1.1:amd64 (1.1.1n-0+deb11u3) ...
Selecting previously unselected package libkrb5-3:amd64.
Preparing to unpack .../libkrb5-3_1.18.3-6+deb11u3_amd64.deb ...
Unpacking libkrb5-3:amd64 (1.18.3-6+deb11u3) ...
Selecting previously unselected package libgssapi-krb5-2:amd64.
Preparing to unpack .../libgssapi-krb5-2_1.18.3-6+deb11u3_amd64.deb ...
Unpacking libgssapi-krb5-2:amd64 (1.18.3-6+deb11u3) ...
Selecting previously unselected package libtirpc-common.
Preparing to unpack .../libtirpc-common_1.3.1-1+deb11u1_all.deb ...
Unpacking libtirpc-common (1.3.1-1+deb11u1) ...
P: Unpacking package libtirpc-common
Selecting previously unselected package libtirpc3:amd64.
Preparing to unpack .../libtirpc3_1.3.1-1+deb11u1_amd64.deb ...
Unpacking libtirpc3:amd64 (1.3.1-1+deb11u1) ...
Selecting previously unselected package libnsl2:amd64.
Preparing to unpack .../libnsl2_1.3.0-2_amd64.deb ...
Unpacking libnsl2:amd64 (1.3.0-2) ...
Selecting previously unselected package libpam-modules-bin.
Preparing to unpack .../libpam-modules-bin_1.4.0-9+deb11u1_amd64.deb ...
Unpacking libpam-modules-bin (1.4.0-9+deb11u1) ...
P: Unpacking package libpam-modules-bin
Selecting previously unselected package libpam-modules:amd64.
dpkg: regarding .../libpam-modules_1.4.0-9+deb11u1_amd64.deb containing libpam-modules:amd64, pre-dependency problem:
 libpam-modules pre-depends on libaudit1 (>= 1:2.2.1)
  libaudit1:amd64 is unpacked, but has never been configured.

dpkg: warning: ignoring pre-dependency problem!
dpkg: regarding .../libpam-modules_1.4.0-9+deb11u1_amd64.deb containing libpam-modules:amd64, pre-dependency problem:
 libpam-modules pre-depends on libc6 (>= 2.27)
  libc6:amd64 is unpacked, but has never been configured.

dpkg: warning: ignoring pre-dependency problem!
dpkg: regarding .../libpam-modules_1.4.0-9+deb11u1_amd64.deb containing libpam-modules:amd64, pre-dependency problem:
 libpam-modules pre-depends on libcrypt1 (>= 1:4.3.0)
  libcrypt1:amd64 is unpacked, but has never been configured.

dpkg: warning: ignoring pre-dependency problem!
dpkg: regarding .../libpam-modules_1.4.0-9+deb11u1_amd64.deb containing libpam-modules:amd64, pre-dependency problem:
 libpam-modules pre-depends on libdb5.3
  libdb5.3:amd64 is unpacked, but has never been configured.

dpkg: warning: ignoring pre-dependency problem!
dpkg: regarding .../libpam-modules_1.4.0-9+deb11u1_amd64.deb containing libpam-modules:amd64, pre-dependency problem:
 libpam-modules pre-depends on libnsl2 (>= 1.0)
  libnsl2:amd64 is unpacked, but has never been configured.

dpkg: warning: ignoring pre-dependency problem!
dpkg: regarding .../libpam-modules_1.4.0-9+deb11u1_amd64.deb containing libpam-modules:amd64, pre-dependency problem:
 libpam-modules pre-depends on libpam0g (>= 1.3.2)
  libpam0g:amd64 is unpacked, but has never been configured.

dpkg: warning: ignoring pre-dependency problem!
dpkg: regarding .../libpam-modules_1.4.0-9+deb11u1_amd64.deb containing libpam-modules:amd64, pre-dependency problem:
 libpam-modules pre-depends on libselinux1 (>= 3.1~)
  libselinux1:amd64 is unpacked, but has never been configured.

dpkg: warning: ignoring pre-dependency problem!
dpkg: regarding .../libpam-modules_1.4.0-9+deb11u1_amd64.deb containing libpam-modules:amd64, pre-dependency problem:
 libpam-modules pre-depends on libtirpc3 (>= 1.0.2)
  libtirpc3:amd64 is unpacked, but has never been configured.

dpkg: warning: ignoring pre-dependency problem!
dpkg: regarding .../libpam-modules_1.4.0-9+deb11u1_amd64.deb containing libpam-modules:amd64, pre-dependency problem:
 libpam-modules pre-depends on debconf (>= 0.5) | debconf-2.0
  debconf is unpacked, but has never been configured.
  debconf provides debconf-2.0 but is unpacked but not configured.

dpkg: warning: ignoring pre-dependency problem!
dpkg: regarding .../libpam-modules_1.4.0-9+deb11u1_amd64.deb containing libpam-modules:amd64, pre-dependency problem:
 libpam-modules pre-depends on libpam-modules-bin (= 1.4.0-9+deb11u1)
  libpam-modules-bin is unpacked, but has never been configured.

dpkg: warning: ignoring pre-dependency problem!
Preparing to unpack .../libpam-modules_1.4.0-9+deb11u1_amd64.deb ...
Unpacking libpam-modules:amd64 (1.4.0-9+deb11u1) ...
Selecting previously unselected package libpam-runtime.
Preparing to unpack .../libpam-runtime_1.4.0-9+deb11u1_all.deb ...
Unpacking libpam-runtime (1.4.0-9+deb11u1) ...
P: Unpacking package libpam-runtime
Selecting previously unselected package login.
dpkg: regarding .../login_4.8.1-1_amd64.deb containing login, pre-dependency problem:
 login pre-depends on libaudit1 (>= 1:2.2.1)
  libaudit1:amd64 is unpacked, but has never been configured.

dpkg: warning: ignoring pre-dependency problem!
dpkg: regarding .../login_4.8.1-1_amd64.deb containing login, pre-dependency problem:
 login pre-depends on libc6 (>= 2.14)
  libc6:amd64 is unpacked, but has never been configured.

dpkg: warning: ignoring pre-dependency problem!
dpkg: regarding .../login_4.8.1-1_amd64.deb containing login, pre-dependency problem:
 login pre-depends on libcrypt1 (>= 1:4.1.0)
  libcrypt1:amd64 is unpacked, but has never been configured.

dpkg: warning: ignoring pre-dependency problem!
dpkg: regarding .../login_4.8.1-1_amd64.deb containing login, pre-dependency problem:
 login pre-depends on libpam0g (>= 0.99.7.1)
  libpam0g:amd64 is unpacked, but has never been configured.

dpkg: warning: ignoring pre-dependency problem!
dpkg: regarding .../login_4.8.1-1_amd64.deb containing login, pre-dependency problem:
 login pre-depends on libpam-runtime
  libpam-runtime is unpacked, but has never been configured.

dpkg: warning: ignoring pre-dependency problem!
dpkg: regarding .../login_4.8.1-1_amd64.deb containing login, pre-dependency problem:
 login pre-depends on libpam-modules (>= 1.1.8-1)
  libpam-modules:amd64 is unpacked, but has never been configured.

dpkg: warning: ignoring pre-dependency problem!
Preparing to unpack .../login_4.8.1-1_amd64.deb ...
Unpacking login (1:4.8.1-1) ...
P: Unpacking package login
Selecting previously unselected package libblkid1:amd64.
Preparing to unpack .../libblkid1_2.36.1-8+deb11u1_amd64.deb ...
Unpacking libblkid1:amd64 (2.36.1-8+deb11u1) ...
Selecting previously unselected package libmount1:amd64.
Preparing to unpack .../libmount1_2.36.1-8+deb11u1_amd64.deb ...
Unpacking libmount1:amd64 (2.36.1-8+deb11u1) ...
Selecting previously unselected package libsmartcols1:amd64.
Preparing to unpack .../libsmartcols1_2.36.1-8+deb11u1_amd64.deb ...
Unpacking libsmartcols1:amd64 (2.36.1-8+deb11u1) ...
Selecting previously unselected package libudev1:amd64.
Preparing to unpack .../libudev1_247.3-7+deb11u1_amd64.deb ...
Unpacking libudev1:amd64 (247.3-7+deb11u1) ...
Selecting previously unselected package libuuid1:amd64.
Preparing to unpack .../libuuid1_2.36.1-8+deb11u1_amd64.deb ...
Unpacking libuuid1:amd64 (2.36.1-8+deb11u1) ...
Selecting previously unselected package util-linux.
dpkg: regarding .../util-linux_2.36.1-8+deb11u1_amd64.deb containing util-linux, pre-dependency problem:
 util-linux pre-depends on libaudit1 (>= 1:2.2.1)
  libaudit1:amd64 is unpacked, but has never been configured.

dpkg: warning: ignoring pre-dependency problem!
dpkg: regarding .../util-linux_2.36.1-8+deb11u1_amd64.deb containing util-linux, pre-dependency problem:
 util-linux pre-depends on libblkid1 (>= 2.31.1)
  libblkid1:amd64 is unpacked, but has never been configured.

dpkg: warning: ignoring pre-dependency problem!
dpkg: regarding .../util-linux_2.36.1-8+deb11u1_amd64.deb containing util-linux, pre-dependency problem:
 util-linux pre-depends on libc6 (>= 2.25)
  libc6:amd64 is unpacked, but has never been configured.

dpkg: warning: ignoring pre-dependency problem!
dpkg: regarding .../util-linux_2.36.1-8+deb11u1_amd64.deb containing util-linux, pre-dependency problem:
 util-linux pre-depends on libcap-ng0 (>= 0.7.9)
  libcap-ng0:amd64 is unpacked, but has never been configured.

dpkg: warning: ignoring pre-dependency problem!
dpkg: regarding .../util-linux_2.36.1-8+deb11u1_amd64.deb containing util-linux, pre-dependency problem:
 util-linux pre-depends on libcrypt1 (>= 1:4.1.0)
  libcrypt1:amd64 is unpacked, but has never been configured.

dpkg: warning: ignoring pre-dependency problem!
dpkg: regarding .../util-linux_2.36.1-8+deb11u1_amd64.deb containing util-linux, pre-dependency problem:
 util-linux pre-depends on libmount1 (>= 2.34)
  libmount1:amd64 is unpacked, but has never been configured.

dpkg: warning: ignoring pre-dependency problem!
dpkg: regarding .../util-linux_2.36.1-8+deb11u1_amd64.deb containing util-linux, pre-dependency problem:
 util-linux pre-depends on libpam0g (>= 0.99.7.1)
  libpam0g:amd64 is unpacked, but has never been configured.

dpkg: warning: ignoring pre-dependency problem!
dpkg: regarding .../util-linux_2.36.1-8+deb11u1_amd64.deb containing util-linux, pre-dependency problem:
 util-linux pre-depends on libselinux1 (>= 3.1~)
  libselinux1:amd64 is unpacked, but has never been configured.

dpkg: warning: ignoring pre-dependency problem!
dpkg: regarding .../util-linux_2.36.1-8+deb11u1_amd64.deb containing util-linux, pre-dependency problem:
 util-linux pre-depends on libsmartcols1 (>= 2.34)
  libsmartcols1:amd64 is unpacked, but has never been configured.

dpkg: warning: ignoring pre-dependency problem!
dpkg: regarding .../util-linux_2.36.1-8+deb11u1_amd64.deb containing util-linux, pre-dependency problem:
 util-linux pre-depends on libsystemd0
  libsystemd0:amd64 is unpacked, but has never been configured.

dpkg: warning: ignoring pre-dependency problem!
dpkg: regarding .../util-linux_2.36.1-8+deb11u1_amd64.deb containing util-linux, pre-dependency problem:
 util-linux pre-depends on libtinfo6 (>= 6)
  libtinfo6:amd64 is unpacked, but has never been configured.

dpkg: warning: ignoring pre-dependency problem!
dpkg: regarding .../util-linux_2.36.1-8+deb11u1_amd64.deb containing util-linux, pre-dependency problem:
 util-linux pre-depends on libudev1 (>= 183)
  libudev1:amd64 is unpacked, but has never been configured.

dpkg: warning: ignoring pre-dependency problem!
dpkg: regarding .../util-linux_2.36.1-8+deb11u1_amd64.deb containing util-linux, pre-dependency problem:
 util-linux pre-depends on libuuid1 (>= 2.16)
  libuuid1:amd64 is unpacked, but has never been configured.

dpkg: warning: ignoring pre-dependency problem!
dpkg: regarding .../util-linux_2.36.1-8+deb11u1_amd64.deb containing util-linux, pre-dependency problem:
 util-linux pre-depends on zlib1g (>= 1:1.1.4)
  zlib1g:amd64 is unpacked, but has never been configured.

dpkg: warning: ignoring pre-dependency problem!
Preparing to unpack .../util-linux_2.36.1-8+deb11u1_amd64.deb ...
Unpacking util-linux (2.36.1-8+deb11u1) ...
P: Unpacking package util-linux
Selecting previously unselected package findutils.
dpkg: regarding .../findutils_4.8.0-1_amd64.deb containing findutils, pre-dependency problem:
 findutils pre-depends on libc6 (>= 2.17)
  libc6:amd64 is unpacked, but has never been configured.

dpkg: warning: ignoring pre-dependency problem!
dpkg: regarding .../findutils_4.8.0-1_amd64.deb containing findutils, pre-dependency problem:
 findutils pre-depends on libselinux1 (>= 3.1~)
  libselinux1:amd64 is unpacked, but has never been configured.

dpkg: warning: ignoring pre-dependency problem!
Preparing to unpack .../findutils_4.8.0-1_amd64.deb ...
Unpacking findutils (4.8.0-1) ...
P: Unpacking package findutils
Selecting previously unselected package libpcre3:amd64.
Preparing to unpack .../libpcre3_8.39-13_amd64.deb ...
Unpacking libpcre3:amd64 (2:8.39-13) ...
Selecting previously unselected package grep.
dpkg: regarding .../bootstrap/grep_3.6-1_amd64.deb containing grep, pre-dependency problem:
 grep pre-depends on libc6 (>= 2.14)
  libc6:amd64 is unpacked, but has never been configured.

dpkg: warning: ignoring pre-dependency problem!
dpkg: regarding .../bootstrap/grep_3.6-1_amd64.deb containing grep, pre-dependency problem:
 grep pre-depends on libpcre3
  libpcre3:amd64 is unpacked, but has never been configured.

dpkg: warning: ignoring pre-dependency problem!
Preparing to unpack .../bootstrap/grep_3.6-1_amd64.deb ...
Unpacking grep (3.6-1) ...
P: Unpacking package grep
Selecting previously unselected package libc-bin.
Preparing to unpack .../libc-bin_2.31-13+deb11u5_amd64.deb ...
Unpacking libc-bin (2.31-13+deb11u5) ...
P: Unpacking package libc-bin
Selecting previously unselected package hostname.
dpkg: regarding .../hostname_3.23_amd64.deb containing hostname, pre-dependency problem:
 hostname pre-depends on libc6 (>= 2.4)
  libc6:amd64 is unpacked, but has never been configured.

dpkg: warning: ignoring pre-dependency problem!
Preparing to unpack .../hostname_3.23_amd64.deb ...
Unpacking hostname (3.23) ...
P: Unpacking package hostname
Selecting previously unselected package ncurses-bin.
dpkg: regarding .../ncurses-bin_6.2+20201114-2_amd64.deb containing ncurses-bin, pre-dependency problem:
 ncurses-bin pre-depends on libc6 (>= 2.14)
  libc6:amd64 is unpacked, but has never been configured.

dpkg: warning: ignoring pre-dependency problem!
dpkg: regarding .../ncurses-bin_6.2+20201114-2_amd64.deb containing ncurses-bin, pre-dependency problem:
 ncurses-bin pre-depends on libtinfo6 (>= 6.2+20200912)
  libtinfo6:amd64 is unpacked, but has never been configured.

dpkg: warning: ignoring pre-dependency problem!
dpkg: regarding .../ncurses-bin_6.2+20201114-2_amd64.deb containing ncurses-bin, pre-dependency problem:
 ncurses-bin pre-depends on libtinfo6 (<< 6.3~)
  libtinfo6:amd64 is unpacked, but has never been configured.

dpkg: warning: ignoring pre-dependency problem!
Preparing to unpack .../ncurses-bin_6.2+20201114-2_amd64.deb ...
Unpacking ncurses-bin (6.2+20201114-2) ...
P: Unpacking package ncurses-bin
Selecting previously unselected package ncurses-base.
Preparing to unpack .../ncurses-base_6.2+20201114-2_all.deb ...
Unpacking ncurses-base (6.2+20201114-2) ...
P: Unpacking package ncurses-base
Setting up lsb-base (11.1.0) ...
P: Configuring package lsb-base
Setting up libtirpc-common (1.3.1-1+deb11u1) ...
P: Configuring package libtirpc-common
Setting up libaudit-common (1:3.0-2) ...
P: Configuring package libaudit-common
Setting up gcc-10-base:amd64 (10.2.1-6) ...
Setting up ncurses-base (6.2+20201114-2) ...
P: Configuring package ncurses-base
Setting up libcrypt1:amd64 (1:4.4.18-4) ...
Setting up libgcc-s1:amd64 (10.2.1-6) ...
Setting up libc6:amd64 (2.31-13+deb11u5) ...
Setting up libudev1:amd64 (247.3-7+deb11u1) ...
Setting up libattr1:amd64 (1:2.4.48-6) ...
Setting up sysvinit-utils (2.96-7+deb11u1) ...
P: Configuring package sysvinit-utils
Setting up debianutils (4.11.2) ...
P: Configuring package debianutils
Setting up mawk (1.3.4.20200120-2) ...
P: Configuring package mawk
Setting up libdebconfclient0:amd64 (0.260) ...
Setting up base-files (11.1+deb11u6) ...
P: Configuring package base-files
Setting up libbz2-1.0:amd64 (1.0.8-4) ...
Setting up base-passwd (3.5.51) ...
Setting up libdb5.3:amd64 (5.3.28+dfsg1-0.8) ...
Setting up libblkid1:amd64 (2.36.1-8+deb11u1) ...
Setting up libtinfo6:amd64 (6.2+20201114-2) ...
Setting up bash (5.1-2+deb11u1) ...
update-alternatives: using /usr/share/man/man7/bash-builtins.7.gz to provide /usr/share/man/man7/builtins.7.gz (builtins.7.gz) in auto mode
P: Configuring package bash
Setting up libzstd1:amd64 (1.4.8+dfsg-2.1) ...
Setting up libkeyutils1:amd64 (1.6.1-2) ...
Setting up liblzma5:amd64 (5.2.5-2.1~deb11u1) ...
Setting up libgpg-error0:amd64 (1.38-2) ...
Setting up liblz4-1:amd64 (1.9.3-2) ...
Setting up libc-bin (2.31-13+deb11u5) ...
P: Configuring package libc-bin
Setting up ncurses-bin (6.2+20201114-2) ...
P: Configuring package ncurses-bin
Setting up libacl1:amd64 (2.2.53-10) ...
Setting up libsmartcols1:amd64 (2.36.1-8+deb11u1) ...
Setting up libgcrypt20:amd64 (1.8.7-6) ...
Setting up zlib1g:amd64 (1:1.2.11.dfsg-2+deb11u2) ...
Setting up libcom-err2:amd64 (1.46.2-2) ...
Setting up diffutils (1:3.7-5) ...
P: Configuring package diffutils
Setting up libsystemd0:amd64 (247.3-7+deb11u1) ...
Setting up libkrb5support0:amd64 (1.18.3-6+deb11u3) ...
Setting up hostname (3.23) ...
P: Configuring package hostname
Setting up libpcre3:amd64 (2:8.39-13) ...
Setting up libcap-ng0:amd64 (0.7.9-2.2+b1) ...
Setting up libgmp10:amd64 (2:6.2.1+dfsg-1+deb11u1) ...
Setting up libaudit1:amd64 (1:3.0-2) ...
Setting up libuuid1:amd64 (2.36.1-8+deb11u1) ...
Setting up libpcre2-8-0:amd64 (10.36-2+deb11u1) ...
Setting up libk5crypto3:amd64 (1.18.3-6+deb11u3) ...
Setting up bsdutils (1:2.36.1-8+deb11u1) ...
P: Configuring package bsdutils
Setting up libselinux1:amd64 (3.1-3) ...
Setting up sed (4.7-1) ...
P: Configuring package sed
Setting up findutils (4.8.0-1) ...
P: Configuring package findutils
Setting up libmount1:amd64 (2.36.1-8+deb11u1) ...
Setting up tar (1.34+dfsg-1) ...
update-alternatives: using /usr/sbin/rmt-tar to provide /usr/sbin/rmt (rmt) in auto mode
P: Configuring package tar
Setting up coreutils (8.32-4+b1) ...
P: Configuring package coreutils
Setting up dpkg (1.20.12) ...
Setting up grep (3.6-1) ...
P: Configuring package grep
Setting up perl-base (5.32.1-4+deb11u2) ...
P: Configuring package perl-base
Setting up init-system-helpers (1.60) ...
P: Configuring package init-system-helpers
Setting up gzip (1.10-4+deb11u1) ...
P: Configuring package gzip
Setting up debconf (1.5.77) ...
P: Configuring package debconf
Setting up libpam0g:amd64 (1.4.0-9+deb11u1) ...
Setting up dash (0.5.11+git20200708+dd9ef66-5) ...
No diversion 'diversion of /bin/sh by bash', none removed.
Adding 'diversion of /bin/sh to /bin/sh.distrib by dash'
No diversion 'diversion of /usr/share/man/man1/sh.1.gz by bash', none removed.
Adding 'diversion of /usr/share/man/man1/sh.1.gz to /usr/share/man/man1/sh.distrib.1.gz by dash'
P: Configuring package dash
Setting up libssl1.1:amd64 (1.1.1n-0+deb11u3) ...
Setting up libpam-modules-bin (1.4.0-9+deb11u1) ...
P: Configuring package libpam-modules-bin
Setting up libkrb5-3:amd64 (1.18.3-6+deb11u3) ...
Setting up libgssapi-krb5-2:amd64 (1.18.3-6+deb11u3) ...
Setting up libtirpc3:amd64 (1.3.1-1+deb11u1) ...
Setting up libnsl2:amd64 (1.3.0-2) ...
Setting up libpam-modules:amd64 (1.4.0-9+deb11u1) ...
Setting up libpam-runtime (1.4.0-9+deb11u1) ...
P: Configuring package libpam-runtime
Setting up login (1:4.8.1-1) ...
P: Configuring package login
Setting up util-linux (2.36.1-8+deb11u1) ...
update-alternatives: 
using /bin/more to provide /usr/bin/pager (pager) in auto mode
P: Configuring package util-linux
Processing triggers for libc-bin (2.31-13+deb11u5) ...
(Reading database ... 3777 files and directories currently installed.)
Preparing to unpack .../gcc-10-base_10.2.1-6_amd64.deb ...
Unpacking gcc-10-base:amd64 (10.2.1-6) over (10.2.1-6) ...
Preparing to unpack .../libcrypt1_4.4.18-4_amd64.deb ...
Unpacking libcrypt1:amd64 (1:4.4.18-4) over (1:4.4.18-4) ...
Preparing to unpack .../libc6_2.31-13+deb11u5_amd64.deb ...
Unpacking libc6:amd64 (2.31-13+deb11u5) over (2.31-13+deb11u5) ...
Preparing to unpack .../libgcc-s1_10.2.1-6_amd64.deb ...
Unpacking libgcc-s1:amd64 (10.2.1-6) over (10.2.1-6) ...
Preparing to unpack .../libacl1_2.2.53-10_amd64.deb ...
Unpacking libacl1:amd64 (2.2.53-10) over (2.2.53-10) ...
Preparing to unpack .../libpcre2-8-0_10.36-2+deb11u1_amd64.deb ...
Unpacking libpcre2-8-0:amd64 (10.36-2+deb11u1) over (10.36-2+deb11u1) ...
Preparing to unpack .../libselinux1_3.1-3_amd64.deb ...
Unpacking libselinux1:amd64 (3.1-3) over (3.1-3) ...
Preparing to unpack .../libbz2-1.0_1.0.8-4_amd64.deb ...
Unpacking libbz2-1.0:amd64 (1.0.8-4) over (1.0.8-4) ...
Preparing to unpack .../liblzma5_5.2.5-2.1~deb11u1_amd64.deb ...
Unpacking liblzma5:amd64 (5.2.5-2.1~deb11u1) over (5.2.5-2.1~deb11u1) ...
Preparing to unpack .../zlib1g_1.2.11.dfsg-2+deb11u2_amd64.deb ...
Unpacking zlib1g:amd64 (1:1.2.11.dfsg-2+deb11u2) over (1:1.2.11.dfsg-2+deb11u2) ...
Preparing to unpack .../libcap-ng0_0.7.9-2.2+b1_amd64.deb ...
Unpacking libcap-ng0:amd64 (0.7.9-2.2+b1) over (0.7.9-2.2+b1) ...
Preparing to unpack .../libaudit1_3.0-2_amd64.deb ...
Unpacking libaudit1:amd64 (1:3.0-2) over (1:3.0-2) ...
Preparing to unpack .../libpam0g_1.4.0-9+deb11u1_amd64.deb ...
Unpacking libpam0g:amd64 (1.4.0-9+deb11u1) over (1.4.0-9+deb11u1) ...
Selecting previously unselected package libsemanage-common.
Preparing to unpack .../libsemanage-common_3.1-1_all.deb ...
Unpacking libsemanage-common (3.1-1) ...
P: Unpacking package libsemanage-common
Selecting previously unselected package libsepol1:amd64.
Preparing to unpack .../libsepol1_3.1-1_amd64.deb ...
Unpacking libsepol1:amd64 (3.1-1) ...
Selecting previously unselected package libsemanage1:amd64.
Preparing to unpack .../libsemanage1_3.1-1+b2_amd64.deb ...
Unpacking libsemanage1:amd64 (3.1-1+b2) ...
Preparing to unpack .../libdb5.3_5.3.28+dfsg1-0.8_amd64.deb ...
Unpacking libdb5.3:amd64 (5.3.28+dfsg1-0.8) over (5.3.28+dfsg1-0.8) ...
Preparing to unpack .../libcom-err2_1.46.2-2_amd64.deb ...
Unpacking libcom-err2:amd64 (1.46.2-2) over (1.46.2-2) ...
Preparing to unpack .../libkrb5support0_1.18.3-6+deb11u3_amd64.deb ...
Unpacking libkrb5support0:amd64 (1.18.3-6+deb11u3) over (1.18.3-6+deb11u3) ...
Preparing to unpack .../libk5crypto3_1.18.3-6+deb11u3_amd64.deb ...
Unpacking libk5crypto3:amd64 (1.18.3-6+deb11u3) over (1.18.3-6+deb11u3) ...
Preparing to unpack .../libkeyutils1_1.6.1-2_amd64.deb ...
Unpacking libkeyutils1:amd64 (1.6.1-2) over (1.6.1-2) ...
Preparing to unpack .../libssl1.1_1.1.1n-0+deb11u3_amd64.deb ...
Unpacking libssl1.1:amd64 (1.1.1n-0+deb11u3) over (1.1.1n-0+deb11u3) ...
Preparing to unpack .../libkrb5-3_1.18.3-6+deb11u3_amd64.deb ...
Unpacking libkrb5-3:amd64 (1.18.3-6+deb11u3) over (1.18.3-6+deb11u3) ...
Preparing to unpack .../libgssapi-krb5-2_1.18.3-6+deb11u3_amd64.deb ...
Unpacking libgssapi-krb5-2:amd64 (1.18.3-6+deb11u3) over (1.18.3-6+deb11u3) ...
Preparing to unpack .../libtirpc3_1.3.1-1+deb11u1_amd64.deb ...
Unpacking libtirpc3:amd64 (1.3.1-1+deb11u1) over (1.3.1-1+deb11u1) ...
Preparing to unpack .../libnsl2_1.3.0-2_amd64.deb ...
Unpacking libnsl2:amd64 (1.3.0-2) over (1.3.0-2) ...
Preparing to unpack .../libpam-modules_1.4.0-9+deb11u1_amd64.deb ...
Unpacking libpam-modules:amd64 (1.4.0-9+deb11u1) over (1.4.0-9+deb11u1) ...
Selecting previously unselected package passwd.
Preparing to unpack .../passwd_4.8.1-1_amd64.deb ...
Unpacking passwd (1:4.8.1-1) ...
P: Unpacking package passwd
Selecting previously unselected package adduser.
Preparing to unpack .../adduser_3.118_all.deb ...
Unpacking adduser (3.118) ...
P: Unpacking package adduser
Preparing to unpack .../libgpg-error0_1.38-2_amd64.deb ...
Unpacking libgpg-error0:amd64 (1.38-2) over (1.38-2) ...
Preparing to unpack .../libgcrypt20_1.8.7-6_amd64.deb ...
Unpacking libgcrypt20:amd64 (1.8.7-6) over (1.8.7-6) ...
Selecting previously unselected package gpgv.
Preparing to unpack .../gpgv_2.2.27-2+deb11u2_amd64.deb ...
Unpacking gpgv (2.2.27-2+deb11u2) ...
P: Unpacking package gpgv
Preparing to unpack .../liblz4-1_1.9.3-2_amd64.deb ...
Unpacking liblz4-1:amd64 (1.9.3-2) over (1.9.3-2) ...
Selecting previously unselected package libstdc++6:amd64.
Preparing to unpack .../libstdc++6_10.2.1-6_amd64.deb ...
Unpacking libstdc++6:amd64 (10.2.1-6) ...
Preparing to unpack .../libzstd1_1.4.8+dfsg-2.1_amd64.deb ...
Unpacking libzstd1:amd64 (1.4.8+dfsg-2.1) over (1.4.8+dfsg-2.1) ...
Preparing to unpack .../libsystemd0_247.3-7+deb11u1_amd64.deb ...
Unpacking libsystemd0:amd64 (247.3-7+deb11u1) over (247.3-7+deb11u1) ...
Preparing to unpack .../libudev1_247.3-7+deb11u1_amd64.deb ...
Unpacking libudev1:amd64 (247.3-7+deb11u1) over (247.3-7+deb11u1) ...
Selecting previously unselected package libxxhash0:amd64.
Preparing to unpack .../libxxhash0_0.8.0-2_amd64.deb ...
Unpacking libxxhash0:amd64 (0.8.0-2) ...
Selecting previously unselected package libapt-pkg6.0:amd64.
Preparing to unpack .../libapt-pkg6.0_2.2.4_amd64.deb ...
Unpacking libapt-pkg6.0:amd64 (2.2.4) ...
Selecting previously unselected package debian-archive-keyring.
Preparing to unpack .../debian-archive-keyring_2021.1.1_all.deb ...
Unpacking debian-archive-keyring (2021.1.1) ...
P: Unpacking package debian-archive-keyring
Preparing to unpack .../libgmp10_6.2.1+dfsg-1+deb11u1_amd64.deb ...
Unpacking libgmp10:amd64 (2:6.2.1+dfsg-1+deb11u1) over (2:6.2.1+dfsg-1+deb11u1) ...
Selecting previously unselected package libnettle8:amd64.
Preparing to unpack .../libnettle8_3.7.3-1_amd64.deb ...
Unpacking libnettle8:amd64 (3.7.3-1) ...
Selecting previously unselected package libhogweed6:amd64.
Preparing to unpack .../libhogweed6_3.7.3-1_amd64.deb ...
Unpacking libhogweed6:amd64 (3.7.3-1) ...
Selecting previously unselected package libunistring2:amd64.
Preparing to unpack .../libunistring2_0.9.10-4_amd64.deb ...
Unpacking libunistring2:amd64 (0.9.10-4) ...
Selecting previously unselected package libidn2-0:amd64.
Preparing to unpack .../libidn2-0_2.3.0-5_amd64.deb ...
Unpacking libidn2-0:amd64 (2.3.0-5) ...
Selecting previously unselected package libffi7:amd64.
Preparing to unpack .../libffi7_3.3-6_amd64.deb ...
Unpacking libffi7:amd64 (3.3-6) ...
Selecting previously unselected package libp11-kit0:amd64.
Preparing to unpack .../libp11-kit0_0.23.22-1_amd64.deb ...
Unpacking libp11-kit0:amd64 (0.23.22-1) ...
Selecting previously unselected package libtasn1-6:amd64.
Preparing to unpack .../libtasn1-6_4.16.0-2+deb11u1_amd64.deb ...
Unpacking libtasn1-6:amd64 (4.16.0-2+deb11u1) ...
Selecting previously unselected package libgnutls30:amd64.
Preparing to unpack .../libgnutls30_3.7.1-5+deb11u2_amd64.deb ...
Unpacking libgnutls30:amd64 (3.7.1-5+deb11u2) ...
Selecting previously unselected package libseccomp2:amd64.
Preparing to unpack .../libseccomp2_2.5.1-1+deb11u1_amd64.deb ...
Unpacking libseccomp2:amd64 (2.5.1-1+deb11u1) ...
Selecting previously unselected package apt.
Preparing to unpack .../bootstrap/apt_2.2.4_amd64.deb ...
Unpacking apt (2.2.4) ...
P: Unpacking package apt
Preparing to unpack .../libattr1_2.4.48-6_amd64.deb ...
Unpacking libattr1:amd64 (1:2.4.48-6) over (1:2.4.48-6) ...
Preparing to unpack .../libtinfo6_6.2+20201114-2_amd64.deb ...
Unpacking libtinfo6:amd64 (6.2+20201114-2) over (6.2+20201114-2) ...
Preparing to unpack .../libdebconfclient0_0.260_amd64.deb ...
Unpacking libdebconfclient0:amd64 (0.260) over (0.260) ...
Preparing to unpack .../libblkid1_2.36.1-8+deb11u1_amd64.deb ...
Unpacking libblkid1:amd64 (2.36.1-8+deb11u1) over (2.36.1-8+deb11u1) ...
Preparing to unpack .../libmount1_2.36.1-8+deb11u1_amd64.deb ...
Unpacking libmount1:amd64 (2.36.1-8+deb11u1) over (2.36.1-8+deb11u1) ...
Preparing to unpack .../libsmartcols1_2.36.1-8+deb11u1_amd64.deb ...
Unpacking libsmartcols1:amd64 (2.36.1-8+deb11u1) over (2.36.1-8+deb11u1) ...
Preparing to unpack .../libuuid1_2.36.1-8+deb11u1_amd64.deb ...
Unpacking libuuid1:amd64 (2.36.1-8+deb11u1) over (2.36.1-8+deb11u1) ...
Preparing to unpack .../libpcre3_8.39-13_amd64.deb ...
Unpacking libpcre3:amd64 (2:8.39-13) over (2:8.39-13) ...
Setting up gcc-10-base:amd64 (10.2.1-6) ...
Setting up libsemanage-common (3.1-1) ...
P: Configuring package libsemanage-common
Setting up debian-archive-keyring (2021.1.1) ...
P: Configuring package debian-archive-keyring
Setting up libcrypt1:amd64 (1:4.4.18-4) ...
Setting up libgcc-s1:amd64 (10.2.1-6) ...
Setting up libc6:amd64 (2.31-13+deb11u5) ...
Setting up libacl1:amd64 (2.2.53-10) ...
Setting up libpcre2-8-0:amd64 (10.36-2+deb11u1) ...
Setting up libselinux1:amd64 (3.1-3) ...
Setting up libbz2-1.0:amd64 (1.0.8-4) ...
Setting up liblzma5:amd64 (5.2.5-2.1~deb11u1) ...
Setting up zlib1g:amd64 (1:1.2.11.dfsg-2+deb11u2) ...
Setting up libcap-ng0:amd64 (0.7.9-2.2+b1) ...
Setting up libaudit1:amd64 (1:3.0-2) ...
Setting up libpam0g:amd64 (1.4.0-9+deb11u1) ...
Setting up libsepol1:amd64 (3.1-1) ...
Setting up libsemanage1:amd64 (3.1-1+b2) ...
Setting up libdb5.3:amd64 (5.3.28+dfsg1-0.8) ...
Setting up libcom-err2:amd64 (1.46.2-2) ...
Setting up libkrb5support0:amd64 (1.18.3-6+deb11u3) ...
Setting up libk5crypto3:amd64 (1.18.3-6+deb11u3) ...
Setting up libkeyutils1:amd64 (1.6.1-2) ...
Setting up libssl1.1:amd64 (1.1.1n-0+deb11u3) ...
Setting up libkrb5-3:amd64 (1.18.3-6+deb11u3) ...
Setting up libgssapi-krb5-2:amd64 (1.18.3-6+deb11u3) ...
Setting up libtirpc3:amd64 (1.3.1-1+deb11u1) ...
Setting up libnsl2:amd64 (1.3.0-2) ...
Setting up libpam-modules:amd64 (1.4.0-9+deb11u1) ...
Setting up passwd (1:4.8.1-1) ...
Shadow passwords are now on.
P: Configuring package passwd
Setting up adduser (3.118) ...
P: Configuring package adduser
Setting up libgpg-error0:amd64 (1.38-2) ...
Setting up libgcrypt20:amd64 (1.8.7-6) ...
Setting up gpgv (2.2.27-2+deb11u2) ...
P: Configuring package gpgv
Setting up liblz4-1:amd64 (1.9.3-2) ...
Setting up libstdc++6:amd64 (10.2.1-6) ...
Setting up libzstd1:amd64 (1.4.8+dfsg-2.1) ...
Setting up libsystemd0:amd64 (247.3-7+deb11u1) ...
Setting up libudev1:amd64 (247.3-7+deb11u1) ...
Setting up libxxhash0:amd64 (0.8.0-2) ...
Setting up libapt-pkg6.0:amd64 (2.2.4) ...
Setting up libgmp10:amd64 (2:6.2.1+dfsg-1+deb11u1) ...
Setting up libnettle8:amd64 (3.7.3-1) ...
Setting up libhogweed6:amd64 (3.7.3-1) ...
Setting up libunistring2:amd64 (0.9.10-4) ...
Setting up libidn2-0:amd64 (2.3.0-5) ...
Setting up libffi7:amd64 (3.3-6) ...
Setting up libp11-kit0:amd64 (0.23.22-1) ...
Setting up libtasn1-6:amd64 (4.16.0-2+deb11u1) ...
Setting up libgnutls30:amd64 (3.7.1-5+deb11u2) ...
Setting up libseccomp2:amd64 (2.5.1-1+deb11u1) ...
Setting up apt (2.2.4) ...
P: Configuring package apt
Setting up libattr1:amd64 (1:2.4.48-6) ...
Setting up libtinfo6:amd64 (6.2+20201114-2) ...
Setting up libdebconfclient0:amd64 (0.260) ...
Setting up libblkid1:amd64 (2.36.1-8+deb11u1) ...
Setting up libmount1:amd64 (2.36.1-8+deb11u1) ...
Setting up libsmartcols1:amd64 (2.36.1-8+deb11u1) ...
Setting up libuuid1:amd64 (2.36.1-8+deb11u1) ...
Setting up libpcre3:amd64 (2:8.39-13) ...
Processing triggers for libc-bin (2.31-13+deb11u5) ...
P: Configuring helper cdebootstrap-helper-apt
Selecting previously unselected package cdebootstrap-helper-apt.
(Reading database ... 4677 files and directories currently installed.)
Preparing to unpack .../cdebootstrap-helper-apt.deb ...
Unpacking cdebootstrap-helper-apt (1) ...
Setting up cdebootstrap-helper-apt (1) ...
Ign:1 bootstrap: . InRelease
Get:2 bootstrap: . Release [114 kB]
Get:3 bootstrap: . Release.gpg [2410 B]
Ign:4 bootstrap: ./main amd64 Packages
Reading package lists...

Reading package lists...

Building dependency tree...

Package 'makedev' is not installed, so not removed
Package 'systemd-timesyncd' is not installed, so not removed
apt is already the newest version (2.2.4).
base-passwd is already the newest version (3.5.51).
bash is already the newest version (5.1-2+deb11u1).
coreutils is already the newest version (8.32-4+b1).
dash is already the newest version (0.5.11+git20200708+dd9ef66-5).
diffutils is already the newest version (1:3.7-5).
findutils is already the newest version (4.8.0-1).
grep is already the newest version (3.6-1).
gzip is already the newest version (1.10-4+deb11u1).
hostname is already the newest version (3.23).
mawk is already the newest version (1.3.4.20200120-2).
ncurses-base is already the newest version (6.2+20201114-2).
ncurses-bin is already the newest version (6.2+20201114-2).
sed is already the newest version (4.7-1).
sysvinit-utils is already the newest version (2.96-7+deb11u1).
bsdutils is already the newest version (1:2.36.1-8+deb11u1).
The following additional packages will be installed:
  cron dmsetup gpgconf iproute2 libapparmor1 libargon2-1 libassuan0 libbpf0
  libbsd0 libcap2 libcap2-bin libcryptsetup12 libdevmapper1.02.1
  libdns-export1110 libedit2 libelf1 libestr0 libevent-2.1-7 libext2fs2
  libfastjson4 libfdisk1 libhavege2 libip4tc2 libisc-export1105 libjansson4
  libjson-c5 libkmod2 liblocale-gettext-perl liblognorm5 libmd0 libmnl0
  libncurses6 libncursesw6 libnewt0.52 libnftables1 libnftnl11 libnpth0
  libpopt0 libprocps8 libreadline8 libslang2 libsqlite3-0 libss2
  libtext-charwidth-perl libtext-iconv-perl libtext-wrapi18n-perl libxtables12
  logsave mount pinentry-curses runit-helper sensible-utils systemd
  systemd-sysv tasksel vim-common xxd
Suggested packages:
  bzip2-doc libarchive1 anacron checksecurity gpart parted fuse2fs
  e2fsck-static dbus-user-session libpam-systemd pinentry-gnome3 scdaemon
  apparmor ppp rdnssd iproute2-doc resolvconf avahi-autoipd
  isc-dhcp-client-ddns nfs-common hunspell firewalld pinentry-doc readline-doc
  rsyslog-mysql | rsyslog-pgsql rsyslog-mongodb rsyslog-doc rsyslog-openssl
  | rsyslog-gnutls rsyslog-gssapi rsyslog-relp systemd-container policykit-1
  mixmaster torbrowser-launcher socat tor-arm apparmor-utils obfs4proxy indent
Recommended packages:
  default-mta | mail-transport-agent e2fsprogs-l10n gnupg libatm1 libpam-cap
  libgpm2 libfribidi0 bsd-mailx | mailx psmisc dbus systemd-timesyncd
  | time-daemon libpam-systemd libnss-systemd laptop-detect
The following NEW packages will be installed:
  apt-transport-tor apt-utils bzip2 cpio cron debconf-i18n dmidecode dmsetup
  e2fsprogs fdisk gpg gpg-agent gpgconf haveged ifupdown init iproute2
  iputils-ping isc-dhcp-client isc-dhcp-common jitterentropy-rngd kmod less
  libapparmor1 libargon2-1 libassuan0 libbpf0 libbsd0 libcap2 libcap2-bin
  libcryptsetup12 libdevmapper1.02.1 libdns-export1110 libedit2 libelf1
  libestr0 libevent-2.1-7 libext2fs2 libfastjson4 libfdisk1 libhavege2
  libip4tc2 libisc-export1105 libjansson4 libjson-c5 libkmod2
  liblocale-gettext-perl liblognorm5 libmd0 libmnl0 libncurses6 libncursesw6
  libnewt0.52 libnftables1 libnftnl11 libnpth0 libpopt0 libprocps8
  libreadline8 libslang2 libsqlite3-0 libss2 libtext-charwidth-perl
  libtext-iconv-perl libtext-wrapi18n-perl libxtables12 logrotate logsave
  mount nano netbase nftables pinentry-curses procps readline-common rsyslog
  runit-helper sensible-utils systemd systemd-sysv tasksel tasksel-data tor
  tor-geoipdb torsocks tzdata udev vim-common vim-tiny whiptail xxd
P: Retrieving libext2fs2
P: Retrieving libss2
P: Retrieving logsave
P: Retrieving e2fsprogs
P: Retrieving mount
P: Retrieving sensible-utils
P: Retrieving cron
P: Retrieving libapparmor1
P: Retrieving libcap2
P: Retrieving libargon2-1
P: Retrieving dmsetup
P: Retrieving libdevmapper1.02.1
P: Retrieving libjson-c5
P: Retrieving libcryptsetup12
P: Retrieving libip4tc2
P: Retrieving libkmod2
P: Retrieving systemd
P: Retrieving systemd-sysv
P: Retrieving init
P: Retrieving libjansson4
P: Retrieving libmnl0
P: Retrieving libnftnl11
P: Retrieving libxtables12
P: Retrieving libnftables1
P: Retrieving libmd0
P: Retrieving libbsd0
P: Retrieving libedit2
P: Retrieving nftables
P: Retrieving libestr0
P: Retrieving libfastjson4
P: Retrieving liblognorm5
P: Retrieving rsyslog
P: Retrieving libhavege2
P: Retrieving haveged
P: Retrieving jitterentropy-rngd
P: Retrieving liblocale-gettext-perl
P: Retrieving tasksel-data
P: Retrieving tasksel
P: Retrieving tzdata
P: Retrieving apt-utils
P: Retrieving cpio
P: Retrieving libtext-iconv-perl
P: Retrieving libtext-charwidth-perl
P: Retrieving libtext-wrapi18n-perl
P: Retrieving debconf-i18n
P: Retrieving dmidecode
P: Retrieving libfdisk1
P: Retrieving libncursesw6
P: Retrieving fdisk
P: Retrieving libelf1
P: Retrieving libbpf0
P: Retrieving libcap2-bin
P: Retrieving iproute2
P: Retrieving ifupdown
P: Retrieving iputils-ping
P: Retrieving libisc-export1105
P: Retrieving libdns-export1110
P: Retrieving isc-dhcp-client
P: Retrieving isc-dhcp-common
P: Retrieving kmod
P: Retrieving less
P: Retrieving readline-common
P: Retrieving libreadline8
P: Retrieving libpopt0
P: Retrieving logrotate
P: Retrieving nano
P: Retrieving netbase
P: Retrieving libncurses6
P: Retrieving libprocps8
P: Retrieving procps
P: Retrieving udev
P: Retrieving xxd
P: Retrieving vim-common
P: Retrieving vim-tiny
P: Retrieving libslang2
P: Retrieving libnewt0.52
P: Retrieving whiptail
P: Retrieving bzip2
P: Retrieving apt-transport-tor
P: Retrieving libassuan0
P: Retrieving gpgconf
P: Retrieving libsqlite3-0
P: Retrieving gpg
P: Retrieving pinentry-curses
P: Retrieving libnpth0
P: Retrieving gpg-agent
P: Retrieving libevent-2.1-7
P: Retrieving runit-helper
P: Retrieving tor
P: Retrieving tor-geoipdb
P: Retrieving torsocks
debconf: delaying package configuration, since apt-utils is not installed
0 upgraded, 91 newly installed, 0 to remove and 0 not upgraded.
Need to get 0 B/25.5 MB of archives.
After this operation, 85.9 MB of additional disk space will be used.
E: Can not write log (Is /dev/pts mounted?) - posix_openpt (19: No such device)
Selecting previously unselected package libext2fs2:amd64.
(Reading database ... 4678 files and directories currently installed.)
Preparing to unpack .../libext2fs2_1.46.2-2_amd64.deb ...
Unpacking libext2fs2:amd64 (1.46.2-2) ...
Selecting previously unselected package libss2:amd64.
Preparing to unpack .../libss2_1.46.2-2_amd64.deb ...
Unpacking libss2:amd64 (1.46.2-2) ...
Selecting previously unselected package logsave.
Preparing to unpack .../logsave_1.46.2-2_amd64.deb ...
Unpacking logsave (1.46.2-2) ...
P: Unpacking package logsave
Setting up libext2fs2:amd64 (1.46.2-2) ...
Setting up libss2:amd64 (1.46.2-2) ...
Selecting previously unselected package e2fsprogs.
(Reading database ... 4695 files and directories currently installed.)
Preparing to unpack .../00-e2fsprogs_1.46.2-2_amd64.deb ...
Unpacking e2fsprogs (1.46.2-2) ...
P: Unpacking package e2fsprogs
Selecting previously unselected package mount.
Preparing to unpack .../01-mount_2.36.1-8+deb11u1_amd64.deb ...
Unpacking mount (2.36.1-8+deb11u1) ...
P: Unpacking package mount
Selecting previously unselected package sensible-utils.
Preparing to unpack .../02-sensible-utils_0.0.14_all.deb ...
Unpacking sensible-utils (0.0.14) ...
P: Unpacking package sensible-utils
Selecting previously unselected package cron.
Preparing to unpack .../03-cron_3.0pl1-137_amd64.deb ...
Unpacking cron (3.0pl1-137) ...
P: Unpacking package cron
Selecting previously unselected package libapparmor1:amd64.
Preparing to unpack .../04-libapparmor1_2.13.6-10_amd64.deb ...
Unpacking libapparmor1:amd64 (2.13.6-10) ...
Selecting previously unselected package libcap2:amd64.
Preparing to unpack .../05-libcap2_1%3a2.44-1_amd64.deb ...
Unpacking libcap2:amd64 (1:2.44-1) ...
Selecting previously unselected package libargon2-1:amd64.
Preparing to unpack .../06-libargon2-1_0~20171227-0.2_amd64.deb ...
Unpacking libargon2-1:amd64 (0~20171227-0.2) ...
Selecting previously unselected package dmsetup.
Preparing to unpack .../07-dmsetup_2%3a1.02.175-2.1_amd64.deb ...
Unpacking dmsetup (2:1.02.175-2.1) ...
P: Unpacking package dmsetup
Selecting previously unselected package libdevmapper1.02.1:amd64.
Preparing to unpack .../08-libdevmapper1.02.1_2%3a1.02.175-2.1_amd64.deb ...
Unpacking libdevmapper1.02.1:amd64 (2:1.02.175-2.1) ...
Selecting previously unselected package libjson-c5:amd64.
Preparing to unpack .../09-libjson-c5_0.15-2_amd64.deb ...
Unpacking libjson-c5:amd64 (0.15-2) ...
Selecting previously unselected package libcryptsetup12:amd64.
Preparing to unpack .../10-libcryptsetup12_2%3a2.3.7-1+deb11u1_amd64.deb ...
Unpacking libcryptsetup12:amd64 (2:2.3.7-1+deb11u1) ...
Selecting previously unselected package libip4tc2:amd64.
Preparing to unpack .../11-libip4tc2_1.8.7-1_amd64.deb ...
Unpacking libip4tc2:amd64 (1.8.7-1) ...
Selecting previously unselected package libkmod2:amd64.
Preparing to unpack .../12-libkmod2_28-1_amd64.deb ...
Unpacking libkmod2:amd64 (28-1) ...
Selecting previously unselected package systemd.
Preparing to unpack .../13-systemd_247.3-7+deb11u1_amd64.deb ...
Unpacking systemd (247.3-7+deb11u1) ...
P: Unpacking package systemd
Setting up libapparmor1:amd64 (2.13.6-10) ...
Setting up libcap2:amd64 (1:2.44-1) ...
Setting up libargon2-1:amd64 (0~20171227-0.2) ...
Setting up libjson-c5:amd64 (0.15-2) ...
Setting up libip4tc2:amd64 (1.8.7-1) ...
Setting up libkmod2:amd64 (28-1) ...
Setting up mount (2.36.1-8+deb11u1) ...
P: Configuring package mount
Setting up libdevmapper1.02.1:amd64 (2:1.02.175-2.1) ...
Setting up libcryptsetup12:amd64 (2:2.3.7-1+deb11u1) ...
Setting up systemd (247.3-7+deb11u1) ...
Created symlink /etc/systemd/system/getty.target.wants/getty@tty1.service  /lib/systemd/system/getty@.service.
Created symlink /etc/systemd/system/multi-user.target.wants/remote-fs.target  /lib/systemd/system/remote-fs.target.
Created symlink /etc/systemd/system/sysinit.target.wants/systemd-pstore.service  /lib/systemd/system/systemd-pstore.service.
Initializing machine ID from random generator.
P: Configuring package systemd
Setting up dmsetup (2:1.02.175-2.1) ...
P: Configuring package dmsetup
Selecting previously unselected package systemd-sysv.
(Reading database ... 5713 files and directories currently installed.)
Preparing to unpack .../systemd-sysv_247.3-7+deb11u1_amd64.deb ...
Unpacking systemd-sysv (247.3-7+deb11u1) ...
P: Unpacking package systemd-sysv
Setting up systemd-sysv (247.3-7+deb11u1) ...
P: Configuring package systemd-sysv
Selecting previously unselected package init.
(Reading database ... 5730 files and directories currently installed.)
Preparing to unpack .../00-init_1.60_amd64.deb ...
Unpacking init (1.60) ...
P: Unpacking package init
Selecting previously unselected package libjansson4:amd64.
Preparing to unpack .../01-libjansson4_2.13.1-1.1_amd64.deb ...
Unpacking libjansson4:amd64 (2.13.1-1.1) ...
Selecting previously unselected package libmnl0:amd64.
Preparing to unpack .../02-libmnl0_1.0.4-3_amd64.deb ...
Unpacking libmnl0:amd64 (1.0.4-3) ...
Selecting previously unselected package libnftnl11:amd64.
Preparing to unpack .../03-libnftnl11_1.1.9-1_amd64.deb ...
Unpacking libnftnl11:amd64 (1.1.9-1) ...
Selecting previously unselected package libxtables12:amd64.
Preparing to unpack .../04-libxtables12_1.8.7-1_amd64.deb ...
Unpacking libxtables12:amd64 (1.8.7-1) ...
Selecting previously unselected package libnftables1:amd64.
Preparing to unpack .../05-libnftables1_0.9.8-3.1+deb11u1_amd64.deb ...
Unpacking libnftables1:amd64 (0.9.8-3.1+deb11u1) ...
Selecting previously unselected package libmd0:amd64.
Preparing to unpack .../06-libmd0_1.0.3-3_amd64.deb ...
Unpacking libmd0:amd64 (1.0.3-3) ...
Selecting previously unselected package libbsd0:amd64.
Preparing to unpack .../07-libbsd0_0.11.3-1_amd64.deb ...
Unpacking libbsd0:amd64 (0.11.3-1) ...
Selecting previously unselected package libedit2:amd64.
Preparing to unpack .../08-libedit2_3.1-20191231-2+b1_amd64.deb ...
Unpacking libedit2:amd64 (3.1-20191231-2+b1) ...
Selecting previously unselected package nftables.
Preparing to unpack .../09-nftables_0.9.8-3.1+deb11u1_amd64.deb ...
Unpacking nftables (0.9.8-3.1+deb11u1) ...
P: Unpacking package nftables
Selecting previously unselected package libestr0:amd64.
Preparing to unpack .../10-libestr0_0.1.10-2.1+b1_amd64.deb ...
Unpacking libestr0:amd64 (0.1.10-2.1+b1) ...
Selecting previously unselected package libfastjson4:amd64.
Preparing to unpack .../11-libfastjson4_0.99.9-1_amd64.deb ...
Unpacking libfastjson4:amd64 (0.99.9-1) ...
Selecting previously unselected package liblognorm5:amd64.
Preparing to unpack .../12-liblognorm5_2.0.5-1.1_amd64.deb ...
Unpacking liblognorm5:amd64 (2.0.5-1.1) ...
Selecting previously unselected package rsyslog.
Preparing to unpack .../13-rsyslog_8.2102.0-2+deb11u1_amd64.deb ...
Unpacking rsyslog (8.2102.0-2+deb11u1) ...
P: Unpacking package rsyslog
Selecting previously unselected package libhavege2:amd64.
Preparing to unpack .../14-libhavege2_1.9.14-1_amd64.deb ...
Unpacking libhavege2:amd64 (1.9.14-1) ...
Selecting previously unselected package haveged.
Preparing to unpack .../15-haveged_1.9.14-1_amd64.deb ...
Unpacking haveged (1.9.14-1) ...
P: Unpacking package haveged
Selecting previously unselected package jitterentropy-rngd.
Preparing to unpack .../16-jitterentropy-rngd_1.2.1-2_amd64.deb ...
Unpacking jitterentropy-rngd (1.2.1-2) ...
P: Unpacking package jitterentropy-rngd
Selecting previously unselected package liblocale-gettext-perl.
Preparing to unpack .../17-liblocale-gettext-perl_1.07-4+b1_amd64.deb ...
Unpacking liblocale-gettext-perl (1.07-4+b1) ...
P: Unpacking package liblocale-gettext-perl
Selecting previously unselected package tasksel-data.
Preparing to unpack .../18-tasksel-data_3.68+deb11u1_all.deb ...
Unpacking tasksel-data (3.68+deb11u1) ...
P: Unpacking package tasksel-data
Selecting previously unselected package tasksel.
Preparing to unpack .../19-tasksel_3.68+deb11u1_all.deb ...
Unpacking tasksel (3.68+deb11u1) ...
P: Unpacking package tasksel
Selecting previously unselected package tzdata.
Preparing to unpack .../20-tzdata_2021a-1+deb11u8_all.deb ...
Unpacking tzdata (2021a-1+deb11u8) ...
P: Unpacking package tzdata
Selecting previously unselected package apt-utils.
Preparing to unpack .../21-apt-utils_2.2.4_amd64.deb ...
Unpacking apt-utils (2.2.4) ...
P: Unpacking package apt-utils
Selecting previously unselected package cpio.
Preparing to unpack .../22-cpio_2.13+dfsg-4_amd64.deb ...
Unpacking cpio (2.13+dfsg-4) ...
P: Unpacking package cpio
Selecting previously unselected package libtext-iconv-perl.
Preparing to unpack .../23-libtext-iconv-perl_1.7-7+b1_amd64.deb ...
Unpacking libtext-iconv-perl (1.7-7+b1) ...
P: Unpacking package libtext-iconv-perl
Selecting previously unselected package libtext-charwidth-perl.
Preparing to unpack .../24-libtext-charwidth-perl_0.04-10+b1_amd64.deb ...
Unpacking libtext-charwidth-perl (0.04-10+b1) ...
P: Unpacking package libtext-charwidth-perl
Selecting previously unselected package libtext-wrapi18n-perl.
Preparing to unpack .../25-libtext-wrapi18n-perl_0.06-9_all.deb ...
Unpacking libtext-wrapi18n-perl (0.06-9) ...
P: Unpacking package libtext-wrapi18n-perl
Selecting previously unselected package debconf-i18n.
Preparing to unpack .../26-debconf-i18n_1.5.77_all.deb ...
Unpacking debconf-i18n (1.5.77) ...
P: Unpacking package debconf-i18n
Selecting previously unselected package dmidecode.
Preparing to unpack .../27-dmidecode_3.3-2_amd64.deb ...
Unpacking dmidecode (3.3-2) ...
P: Unpacking package dmidecode
Selecting previously unselected package libfdisk1:amd64.
Preparing to unpack .../28-libfdisk1_2.36.1-8+deb11u1_amd64.deb ...
Unpacking libfdisk1:amd64 (2.36.1-8+deb11u1) ...
Selecting previously unselected package libncursesw6:amd64.
Preparing to unpack .../29-libncursesw6_6.2+20201114-2_amd64.deb ...
Unpacking libncursesw6:amd64 (6.2+20201114-2) ...
Selecting previously unselected package fdisk.
Preparing to unpack .../30-fdisk_2.36.1-8+deb11u1_amd64.deb ...
Unpacking fdisk (2.36.1-8+deb11u1) ...
P: Unpacking package fdisk
Selecting previously unselected package libelf1:amd64.
Preparing to unpack .../31-libelf1_0.183-1_amd64.deb ...
Unpacking libelf1:amd64 (0.183-1) ...
Selecting previously unselected package libbpf0:amd64.
Preparing to unpack .../32-libbpf0_1%3a0.3-2_amd64.deb ...
Unpacking libbpf0:amd64 (1:0.3-2) ...
Selecting previously unselected package libcap2-bin.
Preparing to unpack .../33-libcap2-bin_1%3a2.44-1_amd64.deb ...
Unpacking libcap2-bin (1:2.44-1) ...
P: Unpacking package libcap2-bin
Selecting previously unselected package iproute2.
Preparing to unpack .../34-iproute2_5.10.0-4_amd64.deb ...
Unpacking iproute2 (5.10.0-4) ...
P: Unpacking package iproute2
Selecting previously unselected package ifupdown.
Preparing to unpack .../35-ifupdown_0.8.36_amd64.deb ...
Unpacking ifupdown (0.8.36) ...
P: Unpacking package ifupdown
Selecting previously unselected package iputils-ping.
Preparing to unpack .../36-iputils-ping_3%3a20210202-1_amd64.deb ...
Unpacking iputils-ping (3:20210202-1) ...
P: Unpacking package iputils-ping
Selecting previously unselected package libisc-export1105:amd64.
Preparing to unpack .../37-libisc-export1105_1%3a9.11.19+dfsg-2.1_amd64.deb ...
Unpacking libisc-export1105:amd64 (1:9.11.19+dfsg-2.1) ...
Selecting previously unselected package libdns-export1110.
Preparing to unpack .../38-libdns-export1110_1%3a9.11.19+dfsg-2.1_amd64.deb ...
Unpacking libdns-export1110 (1:9.11.19+dfsg-2.1) ...
P: Unpacking package libdns-export1110
Selecting previously unselected package isc-dhcp-client.
Preparing to unpack .../39-isc-dhcp-client_4.4.1-2.3+deb11u1_amd64.deb ...
Unpacking isc-dhcp-client (4.4.1-2.3+deb11u1) ...
P: Unpacking package isc-dhcp-client
Selecting previously unselected package isc-dhcp-common.
Preparing to unpack .../40-isc-dhcp-common_4.4.1-2.3+deb11u1_amd64.deb ...
Unpacking isc-dhcp-common (4.4.1-2.3+deb11u1) ...
P: Unpacking package isc-dhcp-common
Selecting previously unselected package kmod.
Preparing to unpack .../41-kmod_28-1_amd64.deb ...
Unpacking kmod (28-1) ...
P: Unpacking package kmod
Selecting previously unselected package less.
Preparing to unpack .../42-less_551-2_amd64.deb ...
Unpacking less (551-2) ...
P: Unpacking package less
Selecting previously unselected package readline-common.
Preparing to unpack .../43-readline-common_8.1-1_all.deb ...
Unpacking readline-common (8.1-1) ...
P: Unpacking package readline-common
Selecting previously unselected package libreadline8:amd64.
Preparing to unpack .../44-libreadline8_8.1-1_amd64.deb ...
Unpacking libreadline8:amd64 (8.1-1) ...
Selecting previously unselected package libpopt0:amd64.
Preparing to unpack .../45-libpopt0_1.18-2_amd64.deb ...
Unpacking libpopt0:amd64 (1.18-2) ...
Selecting previously unselected package logrotate.
Preparing to unpack .../46-logrotate_3.18.0-2+deb11u1_amd64.deb ...
Unpacking logrotate (3.18.0-2+deb11u1) ...
P: Unpacking package logrotate
Selecting previously unselected package nano.
Preparing to unpack .../47-nano_5.4-2+deb11u2_amd64.deb ...
Unpacking nano (5.4-2+deb11u2) ...
P: Unpacking package nano
Selecting previously unselected package netbase.
Preparing to unpack .../48-netbase_6.3_all.deb ...
Unpacking netbase (6.3) ...
P: Unpacking package netbase
Selecting previously unselected package libncurses6:amd64.
Preparing to unpack .../49-libncurses6_6.2+20201114-2_amd64.deb ...
Unpacking libncurses6:amd64 (6.2+20201114-2) ...
Selecting previously unselected package libprocps8:amd64.
Preparing to unpack .../50-libprocps8_2%3a3.3.17-5_amd64.deb ...
Unpacking libprocps8:amd64 (2:3.3.17-5) ...
Selecting previously unselected package procps.
Preparing to unpack .../51-procps_2%3a3.3.17-5_amd64.deb ...
Unpacking procps (2:3.3.17-5) ...
P: Unpacking package procps
Selecting previously unselected package udev.
Preparing to unpack .../52-udev_247.3-7+deb11u1_amd64.deb ...
Unpacking udev (247.3-7+deb11u1) ...
P: Unpacking package udev
Selecting previously unselected package xxd.
Preparing to unpack .../53-xxd_2%3a8.2.2434-3+deb11u1_amd64.deb ...
Unpacking xxd (2:8.2.2434-3+deb11u1) ...
P: Unpacking package xxd
Selecting previously unselected package vim-common.
Preparing to unpack .../54-vim-common_2%3a8.2.2434-3+deb11u1_all.deb ...
Unpacking vim-common (2:8.2.2434-3+deb11u1) ...
P: Unpacking package vim-common
Selecting previously unselected package vim-tiny.
Preparing to unpack .../55-vim-tiny_2%3a8.2.2434-3+deb11u1_amd64.deb ...
Unpacking vim-tiny (2:8.2.2434-3+deb11u1) ...
P: Unpacking package vim-tiny
Selecting previously unselected package libslang2:amd64.
Preparing to unpack .../56-libslang2_2.3.2-5_amd64.deb ...
Unpacking libslang2:amd64 (2.3.2-5) ...
Selecting previously unselected package libnewt0.52:amd64.
Preparing to unpack .../57-libnewt0.52_0.52.21-4+b3_amd64.deb ...
Unpacking libnewt0.52:amd64 (0.52.21-4+b3) ...
Selecting previously unselected package whiptail.
Preparing to unpack .../58-whiptail_0.52.21-4+b3_amd64.deb ...
Unpacking whiptail (0.52.21-4+b3) ...
P: Unpacking package whiptail
Selecting previously unselected package bzip2.
Preparing to unpack .../59-bzip2_1.0.8-4_amd64.deb ...
Unpacking bzip2 (1.0.8-4) ...
P: Unpacking package bzip2
Selecting previously unselected package apt-transport-tor.
Preparing to unpack .../60-apt-transport-tor_0.5_all.deb ...
Unpacking apt-transport-tor (0.5) ...
P: Unpacking package apt-transport-tor
Selecting previously unselected package libassuan0:amd64.
Preparing to unpack .../61-libassuan0_2.5.3-7.1_amd64.deb ...
Unpacking libassuan0:amd64 (2.5.3-7.1) ...
Selecting previously unselected package gpgconf.
Preparing to unpack .../62-gpgconf_2.2.27-2+deb11u2_amd64.deb ...
Unpacking gpgconf (2.2.27-2+deb11u2) ...
P: Unpacking package gpgconf
Selecting previously unselected package libsqlite3-0:amd64.
Preparing to unpack .../63-libsqlite3-0_3.34.1-3_amd64.deb ...
Unpacking libsqlite3-0:amd64 (3.34.1-3) ...
Selecting previously unselected package gpg.
Preparing to unpack .../64-gpg_2.2.27-2+deb11u2_amd64.deb ...
Unpacking gpg (2.2.27-2+deb11u2) ...
P: Unpacking package gpg
Selecting previously unselected package pinentry-curses.
Preparing to unpack .../65-pinentry-curses_1.1.0-4_amd64.deb ...
Unpacking pinentry-curses (1.1.0-4) ...
P: Unpacking package pinentry-curses
Selecting previously unselected package libnpth0:amd64.
Preparing to unpack .../66-libnpth0_1.6-3_amd64.deb ...
Unpacking libnpth0:amd64 (1.6-3) ...
Selecting previously unselected package gpg-agent.
Preparing to unpack .../67-gpg-agent_2.2.27-2+deb11u2_amd64.deb ...
Unpacking gpg-agent (2.2.27-2+deb11u2) ...
P: Unpacking package gpg-agent
Selecting previously unselected package libevent-2.1-7:amd64.
Preparing to unpack .../68-libevent-2.1-7_2.1.12-stable-1_amd64.deb ...
Unpacking libevent-2.1-7:amd64 (2.1.12-stable-1) ...
Selecting previously unselected package runit-helper.
Preparing to unpack .../69-runit-helper_2.10.3_all.deb ...
Unpacking runit-helper (2.10.3) ...
P: Unpacking package runit-helper
Selecting previously unselected package tor.
Preparing to unpack .../70-tor_0.4.5.10-1~deb11u1_amd64.deb ...
Unpacking tor (0.4.5.10-1~deb11u1) ...
P: Unpacking package tor
Selecting previously unselected package tor-geoipdb.
Preparing to unpack .../71-tor-geoipdb_0.4.5.10-1~deb11u1_all.deb ...
Unpacking tor-geoipdb (0.4.5.10-1~deb11u1) ...
P: Unpacking package tor-geoipdb
Selecting previously unselected package torsocks.
Preparing to unpack .../72-torsocks_2.3.0-3_amd64.deb ...
Unpacking torsocks (2.3.0-3) ...
P: Unpacking package torsocks
Setting up cpio (2.13+dfsg-4) ...
update-alternatives: using /bin/mt-gnu to provide /bin/mt (mt) in auto mode
P: Configuring package cpio
Setting up libtext-iconv-perl (1.7-7+b1) ...
P: Configuring package libtext-iconv-perl
Setting up libtext-charwidth-perl (0.04-10+b1) ...
P: Configuring package libtext-charwidth-perl
Setting up runit-helper (2.10.3) ...
P: Configuring package runit-helper
Setting up apt-utils (2.2.4) ...
P: Configuring package apt-utils
Setting up init (1.60) ...
P: Configuring package init
Setting up libestr0:amd64 (0.1.10-2.1+b1) ...
Setting up libfastjson4:amd64 (0.99.9-1) ...
Setting up libsqlite3-0:amd64 (3.34.1-3) ...
Setting up less (551-2) ...
P: Configuring package less
Setting up libnpth0:amd64 (1.6-3) ...
Setting up kmod (28-1) ...
P: Configuring package kmod
Setting up libassuan0:amd64 (2.5.3-7.1) ...
Setting up bzip2 (1.0.8-4) ...
P: Configuring package bzip2
Setting up libtext-wrapi18n-perl (0.06-9) ...
P: Configuring package libtext-wrapi18n-perl
Setting up xxd (2:8.2.2434-3+deb11u1) ...
P: Configuring package xxd
Setting up libjansson4:amd64 (2.13.1-1.1) ...
Setting up tzdata (2021a-1+deb11u8) ...

Current default time zone: 'Etc/UTC'
Local time is now:      Sat Apr 29 09:41:41 UTC 2023.
Universal Time is now:  Sat Apr 29 09:41:41 UTC 2023.
Run 'dpkg-reconfigure tzdata' if you wish to change it.

P: Configuring package tzdata
Setting up libcap2-bin (1:2.44-1) ...
P: Configuring package libcap2-bin
Setting up libhavege2:amd64 (1.9.14-1) ...
Setting up libisc-export1105:amd64 (1:9.11.19+dfsg-2.1) ...
Setting up vim-common (2:8.2.2434-3+deb11u1) ...
P: Configuring package vim-common
Setting up jitterentropy-rngd (1.2.1-2) ...
Running in chroot, ignoring request.
************************************
All rc.d operations denied by policy
************************************
invoke-rc.d: policy-rc.d denied execution of start.
Created symlink /etc/systemd/system/jitterentropy-rngd.service  /lib/systemd/system/jitterentropy.service.
Created symlink /etc/systemd/system/basic.target.wants/jitterentropy.service  /lib/systemd/system/jitterentropy.service.
P: Configuring package jitterentropy-rngd
Setting up libslang2:amd64 (2.3.2-5) ...
Setting up libncurses6:amd64 (6.2+20201114-2) ...
Setting up apt-transport-tor (0.5) ...
P: Configuring package apt-transport-tor
Setting up libmnl0:amd64 (1.0.4-3) ...
Setting up udev (247.3-7+deb11u1) ...
A chroot environment has been detected, udev not started.
P: Configuring package udev
Setting up libevent-2.1-7:amd64 (2.1.12-stable-1) ...
Setting up libncursesw6:amd64 (6.2+20201114-2) ...
Setting up libxtables12:amd64 (1.8.7-1) ...
Setting up logsave (1.46.2-2) ...
P: Configuring package logsave
Setting up libfdisk1:amd64 (2.36.1-8+deb11u1) ...
Setting up liblognorm5:amd64 (2.0.5-1.1) ...
Setting up nano (5.4-2+deb11u2) ...
update-alternatives: using /bin/nano to provide /usr/bin/editor (editor) in auto mode
update-alternatives: using /bin/nano to provide /usr/bin/pico (pico) in auto mode
P: Configuring package nano
Setting up libmd0:amd64 (1.0.3-3) ...
Setting up sensible-utils (0.0.14) ...
P: Configuring package sensible-utils
Setting up tor (0.4.5.10-1~deb11u1) ...
Something or somebody made /var/lib/tor disappear.
Creating one for you again.
Something or somebody made /var/log/tor disappear.
Creating one for you again.
Created symlink /etc/systemd/system/multi-user.target.wants/tor.service  /lib/systemd/system/tor.service.
Running in chroot, ignoring request.
************************************
All rc.d operations denied by policy
************************************
invoke-rc.d: policy-rc.d denied execution of start.
P: Configuring package tor
Setting up netbase (6.3) ...
P: Configuring package netbase
Setting up isc-dhcp-common (4.4.1-2.3+deb11u1) ...
P: Configuring package isc-dhcp-common
Setting up dmidecode (3.3-2) ...
P: Configuring package dmidecode
Setting up libbsd0:amd64 (0.11.3-1) ...
Setting up torsocks (2.3.0-3) ...
P: Configuring package torsocks
Setting up libelf1:amd64 (0.183-1) ...
Setting up iputils-ping (3:20210202-1) ...
P: Configuring package iputils-ping
Setting up readline-common (8.1-1) ...
P: Configuring package readline-common
Setting up liblocale-gettext-perl (1.07-4+b1) ...
P: Configuring package liblocale-gettext-perl
Setting up libprocps8:amd64 (2:3.3.17-5) ...
Setting up libpopt0:amd64 (1.18-2) ...
Setting up pinentry-curses (1.1.0-4) ...
P: Configuring package pinentry-curses
Setting up logrotate (3.18.0-2+deb11u1) ...
Created symlink /etc/systemd/system/timers.target.wants/logrotate.timer  /lib/systemd/system/logrotate.timer.
P: Configuring package logrotate
Setting up haveged (1.9.14-1) ...
Running in chroot, ignoring request.
************************************
All rc.d operations denied by policy
************************************
invoke-rc.d: policy-rc.d denied execution of start.
Created symlink /etc/systemd/system/sysinit.target.wants/haveged.service  /lib/systemd/system/haveged.service.
P: Configuring package haveged
Setting up libnewt0.52:amd64 (0.52.21-4+b3) ...
Setting up libedit2:amd64 (3.1-20191231-2+b1) ...
Setting up libreadline8:amd64 (8.1-1) ...
Setting up cron (3.0pl1-137) ...
Adding group `crontab' (GID 108) ...
Done.
Running in chroot, ignoring request.
************************************
All rc.d operations denied by policy
************************************
invoke-rc.d: policy-rc.d denied execution of start.
Created symlink /etc/systemd/system/multi-user.target.wants/cron.service  /lib/systemd/system/cron.service.
P: Configuring package cron
Setting up rsyslog (8.2102.0-2+deb11u1) ...
Running in chroot, ignoring request.
************************************
All rc.d operations denied by policy
************************************
invoke-rc.d: policy-rc.d denied execution of start.
Created symlink /etc/systemd/system/syslog.service  /lib/systemd/system/rsyslog.service.
Created symlink /etc/systemd/system/multi-user.target.wants/rsyslog.service  /lib/systemd/system/rsyslog.service.
P: Configuring package rsyslog
Setting up libdns-export1110 (1:9.11.19+dfsg-2.1) ...
P: Configuring package libdns-export1110
Setting up debconf-i18n (1.5.77) ...
P: Configuring package debconf-i18n
Setting up libnftnl11:amd64 (1.1.9-1) ...
Setting up e2fsprogs (1.46.2-2) ...
Created symlink /etc/systemd/system/timers.target.wants/e2scrub_all.timer  /lib/systemd/system/e2scrub_all.timer.
Created symlink /etc/systemd/system/default.target.wants/e2scrub_reap.service  /lib/systemd/system/e2scrub_reap.service.
P: Configuring package e2fsprogs
Setting up vim-tiny (2:8.2.2434-3+deb11u1) ...
update-alternatives: using /usr/bin/vim.tiny to provide /usr/bin/rview (rview) in auto mode
update-alternatives: using /usr/bin/vim.tiny to provide /usr/bin/vi (vi) in auto mode
update-alternatives: using /usr/bin/vim.tiny to provide /usr/bin/view (view) in auto mode
update-alternatives: using /usr/bin/vim.tiny to provide /usr/bin/ex (ex) in auto mode
P: Configuring package vim-tiny
Setting up fdisk (2.36.1-8+deb11u1) ...
P: Configuring package fdisk
Setting up tor-geoipdb (0.4.5.10-1~deb11u1) ...
P: Configuring package tor-geoipdb
Setting up whiptail (0.52.21-4+b3) ...
P: Configuring package whiptail
Setting up procps (2:3.3.17-5) ...
P: Configuring package procps
Setting up gpgconf (2.2.27-2+deb11u2) ...
P: Configuring package gpgconf
Setting up libbpf0:amd64 (1:0.3-2) ...
Setting up gpg (2.2.27-2+deb11u2) ...
P: Configuring package gpg
Setting up libnftables1:amd64 (0.9.8-3.1+deb11u1) ...
Setting up gpg-agent (2.2.27-2+deb11u2) ...
Created symlink /etc/systemd/user/sockets.target.wants/gpg-agent-browser.socket  /usr/lib/systemd/user/gpg-agent-browser.socket.
Created symlink /etc/systemd/user/sockets.target.wants/gpg-agent-extra.socket  /usr/lib/systemd/user/gpg-agent-extra.socket.
Created symlink /etc/systemd/user/sockets.target.wants/gpg-agent-ssh.socket  /usr/lib/systemd/user/gpg-agent-ssh.socket.
Created symlink /etc/systemd/user/sockets.target.wants/gpg-agent.socket  /usr/lib/systemd/user/gpg-agent.socket.
P: Configuring package gpg-agent
Setting up nftables (0.9.8-3.1+deb11u1) ...
P: Configuring package nftables
Setting up iproute2 (5.10.0-4) ...
P: Configuring package iproute2
Setting up isc-dhcp-client (4.4.1-2.3+deb11u1) ...
P: Configuring package isc-dhcp-client
Setting up ifupdown (0.8.36) ...
Creating /etc/network/interfaces.
Created symlink /etc/systemd/system/multi-user.target.wants/networking.service  /lib/systemd/system/networking.service.
Created symlink /etc/systemd/system/network-online.target.wants/networking.service  /lib/systemd/system/networking.service.
P: Configuring package ifupdown
Setting up tasksel-data (3.68+deb11u1) ...
P: Configuring package tasksel-data
Setting up tasksel (3.68+deb11u1) ...
P: Configuring package tasksel
Processing triggers for libc-bin (2.31-13+deb11u5) ...
P: Deconfiguring helper cdebootstrap-helper-apt
(Reading database ... 9463 files and directories currently installed.)
Removing cdebootstrap-helper-apt (1) ...
Purging configuration files for cdebootstrap-helper-apt (1) ...
Reading package lists...

P: Deconfiguring helper cdebootstrap-helper-rc.d
(Reading database ... 9462 files and directories currently installed.)
Removing cdebootstrap-helper-rc.d (1) ...
P: Deconfiguring helper cdebootstrap-helper-makedev
(Reading database ... 9461 files and directories currently installed.)
Removing cdebootstrap-helper-makedev (1) ...
Purging configuration files for cdebootstrap-helper-makedev (1) ...
P: Writing apt sources.list
P: Writing hosts
P: Writing resolv.conf
